Log file open, 09/03/20 09:07:19
LogWindows: Failed to load 'aqProf.dll' (GetLastError=126)
LogWindows: File 'aqProf.dll' does not exist
LogWindows: Failed to load 'VtuneApi.dll' (GetLastError=126)
LogWindows: File 'VtuneApi.dll' does not exist
LogWindows: Failed to load 'VtuneApi32e.dll' (GetLastError=126)
LogWindows: File 'VtuneApi32e.dll' does not exist
LogConsoleResponse: Display: Failed to find resolution value strings in scalability ini. Falling back to default.
LogInit: Display: Running engine for game: Day21
LogPlatformFile: Not using cached read wrapper
LogTaskGraph: Started task graph with 5 named threads and 35 total threads with 3 sets of task threads.
LogStats: Stats thread started at 0.087714
LogD3D11RHI: Loaded GFSDK_Aftermath_Lib.x64.dll
LogICUInternationalization: ICU TimeZone Detection - Raw Offset: +8:00, Platform Override: ''
LogPluginManager: Mounting plugin Paper2D
LogPluginManager: Mounting plugin AISupport
LogPluginManager: Mounting plugin LightPropagationVolume
LogPluginManager: Mounting plugin ActorLayerUtilities
LogPluginManager: Mounting plugin AnimationSharing
LogPluginManager: Mounting plugin CLionSourceCodeAccess
LogPluginManager: Mounting plugin CodeLiteSourceCodeAccess
LogPluginManager: Mounting plugin GitSourceControl
LogPluginManager: Mounting plugin KDevelopSourceCodeAccess
LogPluginManager: Mounting plugin NullSourceCodeAccess
LogPluginManager: Mounting plugin PerforceSourceControl
LogPluginManager: Mounting plugin PlasticSourceControl
LogPluginManager: Mounting plugin SubversionSourceControl
LogPluginManager: Mounting plugin UObjectPlugin
LogPluginManager: Mounting plugin VisualStudioCodeSourceCodeAccess
LogPluginManager: Mounting plugin VisualStudioSourceCodeAccess
LogPluginManager: Mounting plugin XCodeSourceCodeAccess
LogPluginManager: Mounting plugin AssetManagerEditor
LogPluginManager: Mounting plugin CryptoKeys
LogPluginManager: Mounting plugin CurveEditorTools
LogPluginManager: Mounting plugin DataValidation
LogPluginManager: Mounting plugin FacialAnimation
LogPluginManager: Mounting plugin GameplayTagsEditor
LogPluginManager: Mounting plugin MacGraphicsSwitching
LogPluginManager: Mounting plugin MaterialAnalyzer
LogPluginManager: Mounting plugin MobileLauncherProfileWizard
LogPluginManager: Mounting plugin PluginBrowser
LogPluginManager: Mounting plugin SpeedTreeImporter
LogPluginManager: Mounting plugin DatasmithContent
LogPluginManager: Mounting plugin VariantManagerContent
LogPluginManager: Mounting plugin AlembicImporter
LogPluginManager: Mounting plugin AutomationUtils
LogPluginManager: Mounting plugin BackChannel
LogPluginManager: Mounting plugin CharacterAI
LogPluginManager: Mounting plugin GeometryCache
LogPluginManager: Mounting plugin PlatformCrypto
LogPluginManager: Mounting plugin ProxyLODPlugin
LogPluginManager: Mounting plugin SkeletalReduction
LogPluginManager: Mounting plugin MagicLeap
LogPluginManager: Mounting plugin MagicLeapMedia
LogPluginManager: Mounting plugin MLSDK
LogPluginManager: Mounting plugin AndroidMedia
LogPluginManager: Mounting plugin AvfMedia
LogPluginManager: Mounting plugin ImgMedia
LogPluginManager: Mounting plugin MediaCompositing
LogPluginManager: Mounting plugin MediaPlayerEditor
LogPluginManager: Mounting plugin WebMMedia
LogPluginManager: Mounting plugin WmfMedia
LogPluginManager: Mounting plugin TcpMessaging
LogPluginManager: Mounting plugin UdpMessaging
LogPluginManager: Mounting plugin ActorSequence
LogPluginManager: Mounting plugin LevelSequenceEditor
LogPluginManager: Mounting plugin MatineeToLevelSequence
LogPluginManager: Mounting plugin NetcodeUnitTest
LogPluginManager: Mounting plugin NUTUnrealEngine4
LogPluginManager: Mounting plugin OnlineSubsystemGooglePlay
LogPluginManager: Mounting plugin OnlineSubsystemIOS
LogPluginManager: Mounting plugin OnlineSubsystem
LogPluginManager: Mounting plugin OnlineSubsystemNull
LogPluginManager: Mounting plugin OnlineSubsystemUtils
LogPluginManager: Mounting plugin LauncherChunkInstaller
LogPluginManager: Mounting plugin AndroidDeviceProfileSelector
LogPluginManager: Mounting plugin AndroidMoviePlayer
LogPluginManager: Mounting plugin AndroidPermission
LogPluginManager: Mounting plugin AppleImageUtils
LogPluginManager: Mounting plugin AppleMoviePlayer
LogPluginManager: Mounting plugin ArchVisCharacter
LogPluginManager: Mounting plugin AssetTags
LogPluginManager: Mounting plugin AudioCapture
LogPluginManager: Mounting plugin CableComponent
LogPluginManager: Mounting plugin CustomMeshComponent
LogPluginManager: Mounting plugin EditableMesh
LogPluginManager: Mounting plugin ExampleDeviceProfileSelector
LogPluginManager: Mounting plugin GoogleCloudMessaging
LogPluginManager: Mounting plugin IOSDeviceProfileSelector
LogPluginManager: Mounting plugin LinuxDeviceProfileSelector
LogPluginManager: Mounting plugin LocationServicesBPLibrary
LogPluginManager: Mounting plugin MobilePatchingUtils
LogPluginManager: Mounting plugin OculusVR
LogPluginManager: Mounting plugin PhysXVehicles
LogPluginManager: Mounting plugin PostSplashScreen
LogPluginManager: Mounting plugin ProceduralMeshComponent
LogPluginManager: Mounting plugin RuntimePhysXCooking
LogPluginManager: Mounting plugin SignificanceManager
LogPluginManager: Mounting plugin SteamVR
LogPluginManager: Mounting plugin WebMMoviePlayer
LogPluginManager: Mounting plugin WindowsMoviePlayer
LogPluginManager: Mounting plugin ScreenshotTools
LogInit: Using libcurl 7.55.1-DEV
LogInit:  - built for x86_64-pc-win32
LogInit:  - supports SSL with OpenSSL/1.1.1
LogInit:  - supports HTTP deflate (compression) using libz 1.2.8
LogInit:  - other features:
LogInit:      CURL_VERSION_SSL
LogInit:      CURL_VERSION_LIBZ
LogInit:      CURL_VERSION_IPV6
LogInit:      CURL_VERSION_ASYNCHDNS
LogInit:      CURL_VERSION_LARGEFILE
LogInit:      CURL_VERSION_IDN
LogInit:  CurlRequestOptions (configurable via config and command line):
LogInit:  - bVerifyPeer = true  - Libcurl will verify peer certificate
LogInit:  - bUseHttpProxy = false  - Libcurl will NOT use HTTP proxy
LogInit:  - bDontReuseConnections = false  - Libcurl will reuse connections
LogInit:  - MaxHostConnections = 16  - Libcurl will limit the number of connections to a host
LogInit:  - LocalHostAddr = Default
LogInit:  - BufferSize = 65536
LogOnline: OSS: Creating online subsystem instance for: NULL
LogInit: WinSock: version 1.1 (2.2), MaxSocks=32767, MaxUdp=65467
LogOnline: OSS: TryLoadSubsystemAndSetDefault: Loaded subsystem for module [NULL]
LogInit: Build: ++UE4+Release-4.24-CL-10757647
LogInit: Engine Version: 4.24.1-10757647+++UE4+Release-4.24
LogInit: Compatible Engine Version: 4.24.0-10570792+++UE4+Release-4.24
LogInit: Net CL: 10570792
LogInit: OS: Windows 10 (Release 1903) (), CPU: Intel(R) Core(TM) i7-8700 CPU @ 3.20GHz, GPU: NVIDIA Quadro P1000
LogInit: Compiled (64-bit): Dec 17 2019 02:08:03
LogInit: Compiled with Visual C++: 19.16.27032.01
LogInit: Build Configuration: Development
LogInit: Branch Name: ++UE4+Release-4.24
LogInit: Command Line: 
LogInit: Base Directory: C:/Program Files/Epic Games/UE_4.24/Engine/Binaries/Win64/
LogInit: Installed Engine Build: 1
LogDevObjectVersion: Number of dev versions registered: 25
LogDevObjectVersion:   Dev-Blueprints (B0D832E4-1F89-4F0D-ACCF-7EB736FD4AA2): 10
LogDevObjectVersion:   Dev-Build (E1C64328-A22C-4D53-A36C-8E866417BD8C): 0
LogDevObjectVersion:   Dev-Core (375EC13C-06E4-48FB-B500-84F0262A717E): 3
LogDevObjectVersion:   Dev-Editor (E4B068ED-F494-42E9-A231-DA0B2E46BB41): 37
LogDevObjectVersion:   Dev-Framework (CFFC743F-43B0-4480-9391-14DF171D2073): 36
LogDevObjectVersion:   Dev-Mobile (B02B49B5-BB20-44E9-A304-32B752E40360): 2
LogDevObjectVersion:   Dev-Networking (A4E4105C-59A1-49B5-A7C5-40C4547EDFEE): 0
LogDevObjectVersion:   Dev-Online (39C831C9-5AE6-47DC-9A44-9C173E1C8E7C): 0
LogDevObjectVersion:   Dev-Physics (78F01B33-EBEA-4F98-B9B4-84EACCB95AA2): 2
LogDevObjectVersion:   Dev-Platform (6631380F-2D4D-43E0-8009-CF276956A95A): 0
LogDevObjectVersion:   Dev-Rendering (12F88B9F-8875-4AFC-A67C-D90C383ABD29): 36
LogDevObjectVersion:   Dev-Sequencer (7B5AE74C-D270-4C10-A958-57980B212A5A): 11
LogDevObjectVersion:   Dev-VR (D7296918-1DD6-4BDD-9DE2-64A83CC13884): 2
LogDevObjectVersion:   Dev-LoadTimes (C2A15278-BFE7-4AFE-6C17-90FF531DF755): 1
LogDevObjectVersion:   Private-Geometry (6EACA3D4-40EC-4CC1-B786-8BED09428FC5): 3
LogDevObjectVersion:   Dev-AnimPhys (29E575DD-E0A3-4627-9D10-D276232CDCEA): 17
LogDevObjectVersion:   Dev-Anim (AF43A65D-7FD3-4947-9873-3E8ED9C1BB05): 2
LogDevObjectVersion:   Dev-ReflectionCapture (6B266CEC-1EC7-4B8F-A30B-E4D90942FC07): 1
LogDevObjectVersion:   Dev-Automation (0DF73D61-A23F-47EA-B727-89E90C41499A): 1
LogDevObjectVersion:   FortniteMain (601D1886-AC64-4F84-AA16-D3DE0DEAC7D6): 31
LogDevObjectVersion:   Dev-Enterprise (9DFFBCD6-494F-0158-E221-12823C92A888): 8
LogDevObjectVersion:   Dev-Niagara (F2AED0AC-9AFE-416F-8664-AA7FFA26D6FC): 1
LogDevObjectVersion:   Dev-Destruction (174F1F0B-B4C6-45A5-B13F-2EE8D0FB917D): 9
LogDevObjectVersion:   Dev-Physics-Ext (35F94A83-E258-406C-A318-09F59610247C): 8
LogDevObjectVersion:   Dev-CineCamera (B2E18506-4273-CFC2-A54E-F4BB758BBA07): 1
LogInit: Presizing for max 25165824 objects, including 0 objects not considered by GC, pre-allocating 0 bytes for permanent pool.
LogInit: Object subsystem initialized
LogConfig: Setting CVar [[con.DebugEarlyDefault:1]]
LogConfig: Setting CVar [[r.setres:1280x720]]
[2020.09.03-01.07.19:879][  0]LogConfig: Setting CVar [[r.VSync:0]]
[2020.09.03-01.07.19:879][  0]LogConfig: Setting CVar [[r.RHICmdBypass:0]]
[2020.09.03-01.07.19:879][  0]LogConfig: Applying CVar settings from Section [/Script/Engine.RendererSettings] File [C:/Users/IM/Desktop/School_ClassPractice_01/Day21_unreal/Saved/Config/Windows/Engine.ini]
[2020.09.03-01.07.19:879][  0]LogConfig: Setting CVar [[r.GPUCrashDebugging:0]]
[2020.09.03-01.07.19:879][  0]LogConfig: Applying CVar settings from Section [/Script/Engine.RendererOverrideSettings] File [C:/Users/IM/Desktop/School_ClassPractice_01/Day21_unreal/Saved/Config/Windows/Engine.ini]
[2020.09.03-01.07.19:879][  0]LogConfig: Applying CVar settings from Section [/Script/Engine.StreamingSettings] File [C:/Users/IM/Desktop/School_ClassPractice_01/Day21_unreal/Saved/Config/Windows/Engine.ini]
[2020.09.03-01.07.19:879][  0]LogConfig: Setting CVar [[s.MinBulkDataSizeForAsyncLoading:131072]]
[2020.09.03-01.07.19:879][  0]LogConfig: Setting CVar [[s.AsyncLoadingThreadEnabled:0]]
[2020.09.03-01.07.19:879][  0]LogConfig: Setting CVar [[s.EventDrivenLoaderEnabled:1]]
[2020.09.03-01.07.19:879][  0]LogConfig: Setting CVar [[s.WarnIfTimeLimitExceeded:0]]
[2020.09.03-01.07.19:879][  0]LogConfig: Setting CVar [[s.TimeLimitExceededMultiplier:1.5]]
[2020.09.03-01.07.19:879][  0]LogConfig: Setting CVar [[s.TimeLimitExceededMinTime:0.005]]
[2020.09.03-01.07.19:879][  0]LogConfig: Setting CVar [[s.UseBackgroundLevelStreaming:1]]
[2020.09.03-01.07.19:879][  0]LogConfig: Setting CVar [[s.PriorityAsyncLoadingExtraTime:15.0]]
[2020.09.03-01.07.19:879][  0]LogConfig: Setting CVar [[s.LevelStreamingActorsUpdateTimeLimit:5.0]]
[2020.09.03-01.07.19:879][  0]LogConfig: Setting CVar [[s.PriorityLevelStreamingActorsUpdateExtraTime:5.0]]
[2020.09.03-01.07.19:879][  0]LogConfig: Setting CVar [[s.LevelStreamingComponentsRegistrationGranularity:10]]
[2020.09.03-01.07.19:879][  0]LogConfig: Setting CVar [[s.UnregisterComponentsTimeLimit:1.0]]
[2020.09.03-01.07.19:879][  0]LogConfig: Setting CVar [[s.LevelStreamingComponentsUnregistrationGranularity:5]]
[2020.09.03-01.07.19:879][  0]LogConfig: Setting CVar [[s.FlushStreamingOnExit:1]]
[2020.09.03-01.07.19:879][  0]LogConfig: Applying CVar settings from Section [/Script/Engine.GarbageCollectionSettings] File [C:/Users/IM/Desktop/School_ClassPractice_01/Day21_unreal/Saved/Config/Windows/Engine.ini]
[2020.09.03-01.07.19:879][  0]LogConfig: Setting CVar [[gc.MaxObjectsNotConsideredByGC:1]]
[2020.09.03-01.07.19:879][  0]LogConfig: Setting CVar [[gc.SizeOfPermanentObjectPool:0]]
[2020.09.03-01.07.19:879][  0]LogConfig: Setting CVar [[gc.FlushStreamingOnGC:0]]
[2020.09.03-01.07.19:879][  0]LogConfig: Setting CVar [[gc.NumRetriesBeforeForcingGC:10]]
[2020.09.03-01.07.19:879][  0]LogConfig: Setting CVar [[gc.AllowParallelGC:1]]
[2020.09.03-01.07.19:879][  0]LogConfig: Setting CVar [[gc.TimeBetweenPurgingPendingKillObjects:61.1]]
[2020.09.03-01.07.19:879][  0]LogConfig: Setting CVar [[gc.MaxObjectsInEditor:25165824]]
[2020.09.03-01.07.19:879][  0]LogConfig: Setting CVar [[gc.IncrementalBeginDestroyEnabled:1]]
[2020.09.03-01.07.19:879][  0]LogConfig: Setting CVar [[gc.CreateGCClusters:1]]
[2020.09.03-01.07.19:879][  0]LogConfig: Setting CVar [[gc.MinGCClusterSize:5]]
[2020.09.03-01.07.19:879][  0]LogConfig: Setting CVar [[gc.ActorClusteringEnabled:0]]
[2020.09.03-01.07.19:879][  0]LogConfig: Setting CVar [[gc.BlueprintClusteringEnabled:0]]
[2020.09.03-01.07.19:879][  0]LogConfig: Setting CVar [[gc.UseDisregardForGCOnDedicatedServers:0]]
[2020.09.03-01.07.19:879][  0]LogConfig: Applying CVar settings from Section [/Script/Engine.NetworkSettings] File [C:/Users/IM/Desktop/School_ClassPractice_01/Day21_unreal/Saved/Config/Windows/Engine.ini]
[2020.09.03-01.07.19:880][  0]LogConfig: Applying CVar settings from Section [/Script/UnrealEd.CookerSettings] File [C:/Users/IM/Desktop/School_ClassPractice_01/Day21_unreal/Saved/Config/Windows/Engine.ini]
[2020.09.03-01.07.19:882][  0]LogConfig: Applying CVar settings from Section [ViewDistanceQuality@3] File [C:/Users/IM/Desktop/School_ClassPractice_01/Day21_unreal/Saved/Config/Windows/Scalability.ini]
[2020.09.03-01.07.19:882][  0]LogConfig: Setting CVar [[r.SkeletalMeshLODBias:0]]
[2020.09.03-01.07.19:882][  0]LogConfig: Setting CVar [[r.ViewDistanceScale:1.0]]
[2020.09.03-01.07.19:882][  0]LogConfig: Applying CVar settings from Section [AntiAliasingQuality@3] File [C:/Users/IM/Desktop/School_ClassPractice_01/Day21_unreal/Saved/Config/Windows/Scalability.ini]
[2020.09.03-01.07.19:882][  0]LogConfig: Setting CVar [[r.PostProcessAAQuality:4]]
[2020.09.03-01.07.19:882][  0]LogConfig: Applying CVar settings from Section [ShadowQuality@3] File [C:/Users/IM/Desktop/School_ClassPractice_01/Day21_unreal/Saved/Config/Windows/Scalability.ini]
[2020.09.03-01.07.19:882][  0]LogConfig: Setting CVar [[r.LightFunctionQuality:1]]
[2020.09.03-01.07.19:882][  0]LogConfig: Setting CVar [[r.ShadowQuality:5]]
[2020.09.03-01.07.19:882][  0]LogConfig: Setting CVar [[r.Shadow.CSM.MaxCascades:10]]
[2020.09.03-01.07.19:882][  0]LogConfig: Setting CVar [[r.Shadow.MaxResolution:2048]]
[2020.09.03-01.07.19:882][  0]LogConfig: Setting CVar [[r.Shadow.MaxCSMResolution:2048]]
[2020.09.03-01.07.19:882][  0]LogConfig: Setting CVar [[r.Shadow.RadiusThreshold:0.01]]
[2020.09.03-01.07.19:882][  0]LogConfig: Setting CVar [[r.Shadow.DistanceScale:1.0]]
[2020.09.03-01.07.19:882][  0]LogConfig: Setting CVar [[r.Shadow.CSM.TransitionScale:1.0]]
[2020.09.03-01.07.19:882][  0]LogConfig: Setting CVar [[r.Shadow.PreShadowResolutionFactor:1.0]]
[2020.09.03-01.07.19:882][  0]LogConfig: Setting CVar [[r.DistanceFieldShadowing:1]]
[2020.09.03-01.07.19:882][  0]LogConfig: Setting CVar [[r.DistanceFieldAO:1]]
[2020.09.03-01.07.19:882][  0]LogConfig: Setting CVar [[r.AOQuality:2]]
[2020.09.03-01.07.19:882][  0]LogConfig: Setting CVar [[r.VolumetricFog:1]]
[2020.09.03-01.07.19:882][  0]LogConfig: Setting CVar [[r.VolumetricFog.GridPixelSize:8]]
[2020.09.03-01.07.19:882][  0]LogConfig: Setting CVar [[r.VolumetricFog.GridSizeZ:128]]
[2020.09.03-01.07.19:882][  0]LogConfig: Setting CVar [[r.VolumetricFog.HistoryMissSupersampleCount:4]]
[2020.09.03-01.07.19:882][  0]LogConfig: Setting CVar [[r.LightMaxDrawDistanceScale:1]]
[2020.09.03-01.07.19:882][  0]LogConfig: Setting CVar [[r.CapsuleShadows:1]]
[2020.09.03-01.07.19:882][  0]LogConfig: Applying CVar settings from Section [PostProcessQuality@3] File [C:/Users/IM/Desktop/School_ClassPractice_01/Day21_unreal/Saved/Config/Windows/Scalability.ini]
[2020.09.03-01.07.19:882][  0]LogConfig: Setting CVar [[r.MotionBlurQuality:4]]
[2020.09.03-01.07.19:882][  0]LogConfig: Setting CVar [[r.AmbientOcclusionMipLevelFactor:0.4]]
[2020.09.03-01.07.19:882][  0]LogConfig: Setting CVar [[r.AmbientOcclusionMaxQuality:100]]
[2020.09.03-01.07.19:882][  0]LogConfig: Setting CVar [[r.AmbientOcclusionLevels:-1]]
[2020.09.03-01.07.19:882][  0]LogConfig: Setting CVar [[r.AmbientOcclusionRadiusScale:1.0]]
[2020.09.03-01.07.19:882][  0]LogConfig: Setting CVar [[r.DepthOfFieldQuality:2]]
[2020.09.03-01.07.19:882][  0]LogConfig: Setting CVar [[r.RenderTargetPoolMin:400]]
[2020.09.03-01.07.19:882][  0]LogConfig: Setting CVar [[r.LensFlareQuality:2]]
[2020.09.03-01.07.19:882][  0]LogConfig: Setting CVar [[r.SceneColorFringeQuality:1]]
[2020.09.03-01.07.19:882][  0]LogConfig: Setting CVar [[r.EyeAdaptationQuality:2]]
[2020.09.03-01.07.19:882][  0]LogConfig: Setting CVar [[r.BloomQuality:5]]
[2020.09.03-01.07.19:882][  0]LogConfig: Setting CVar [[r.FastBlurThreshold:100]]
[2020.09.03-01.07.19:882][  0]LogConfig: Setting CVar [[r.Upscale.Quality:3]]
[2020.09.03-01.07.19:882][  0]LogConfig: Setting CVar [[r.Tonemapper.GrainQuantization:1]]
[2020.09.03-01.07.19:882][  0]LogConfig: Setting CVar [[r.LightShaftQuality:1]]
[2020.09.03-01.07.19:882][  0]LogConfig: Setting CVar [[r.Filter.SizeScale:1]]
[2020.09.03-01.07.19:882][  0]LogConfig: Setting CVar [[r.Tonemapper.Quality:5]]
[2020.09.03-01.07.19:882][  0]LogConfig: Setting CVar [[r.DOF.Gather.AccumulatorQuality:1        ; higher gathering accumulator quality]]
[2020.09.03-01.07.19:882][  0]LogConfig: Setting CVar [[r.DOF.Gather.PostfilterMethod:1          ; Median3x3 postfilering method]]
[2020.09.03-01.07.19:882][  0]LogConfig: Setting CVar [[r.DOF.Gather.EnableBokehSettings:0       ; no bokeh simulation when gathering]]
[2020.09.03-01.07.19:882][  0]LogConfig: Setting CVar [[r.DOF.Gather.RingCount:4                 ; medium number of samples when gathering]]
[2020.09.03-01.07.19:882][  0]LogConfig: Setting CVar [[r.DOF.Scatter.ForegroundCompositing:1    ; additive foreground scattering]]
[2020.09.03-01.07.19:882][  0]LogConfig: Setting CVar [[r.DOF.Scatter.BackgroundCompositing:2    ; additive background scattering]]
[2020.09.03-01.07.19:882][  0]LogConfig: Setting CVar [[r.DOF.Scatter.EnableBokehSettings:1      ; bokeh simulation when scattering]]
[2020.09.03-01.07.19:882][  0]LogConfig: Setting CVar [[r.DOF.Scatter.MaxSpriteRatio:0.1         ; only a maximum of 10% of scattered bokeh]]
[2020.09.03-01.07.19:882][  0]LogConfig: Setting CVar [[r.DOF.Recombine.Quality:1                ; cheap slight out of focus]]
[2020.09.03-01.07.19:882][  0]LogConfig: Setting CVar [[r.DOF.Recombine.EnableBokehSettings:0    ; no bokeh simulation on slight out of focus]]
[2020.09.03-01.07.19:882][  0]LogConfig: Setting CVar [[r.DOF.TemporalAAQuality:1                ; more stable temporal accumulation]]
[2020.09.03-01.07.19:882][  0]LogConfig: Setting CVar [[r.DOF.Kernel.MaxForegroundRadius:0.025]]
[2020.09.03-01.07.19:882][  0]LogConfig: Setting CVar [[r.DOF.Kernel.MaxBackgroundRadius:0.025]]
[2020.09.03-01.07.19:883][  0]LogConfig: Applying CVar settings from Section [TextureQuality@3] File [C:/Users/IM/Desktop/School_ClassPractice_01/Day21_unreal/Saved/Config/Windows/Scalability.ini]
[2020.09.03-01.07.19:883][  0]LogConfig: Setting CVar [[r.Streaming.MipBias:0]]
[2020.09.03-01.07.19:883][  0]LogConfig: Setting CVar [[r.Streaming.AmortizeCPUToGPUCopy:0]]
[2020.09.03-01.07.19:883][  0]LogConfig: Setting CVar [[r.Streaming.MaxNumTexturesToStreamPerFrame:0]]
[2020.09.03-01.07.19:883][  0]LogConfig: Setting CVar [[r.Streaming.Boost:1]]
[2020.09.03-01.07.19:883][  0]LogConfig: Setting CVar [[r.MaxAnisotropy:8]]
[2020.09.03-01.07.19:883][  0]LogConfig: Setting CVar [[r.VT.MaxAnisotropy:8]]
[2020.09.03-01.07.19:883][  0]LogConfig: Setting CVar [[r.Streaming.LimitPoolSizeToVRAM:0]]
[2020.09.03-01.07.19:883][  0]LogConfig: Setting CVar [[r.Streaming.PoolSize:1000]]
[2020.09.03-01.07.19:883][  0]LogConfig: Setting CVar [[r.Streaming.MaxEffectiveScreenSize:0]]
[2020.09.03-01.07.19:883][  0]LogConfig: Applying CVar settings from Section [EffectsQuality@3] File [C:/Users/IM/Desktop/School_ClassPractice_01/Day21_unreal/Saved/Config/Windows/Scalability.ini]
[2020.09.03-01.07.19:883][  0]LogConfig: Setting CVar [[r.TranslucencyLightingVolumeDim:64]]
[2020.09.03-01.07.19:883][  0]LogConfig: Setting CVar [[r.RefractionQuality:2]]
[2020.09.03-01.07.19:883][  0]LogConfig: Setting CVar [[r.SSR.Quality:3]]
[2020.09.03-01.07.19:883][  0]LogConfig: Setting CVar [[r.SSR.HalfResSceneColor:0]]
[2020.09.03-01.07.19:883][  0]LogConfig: Setting CVar [[r.SceneColorFormat:4]]
[2020.09.03-01.07.19:883][  0]LogConfig: Setting CVar [[r.DetailMode:2]]
[2020.09.03-01.07.19:883][  0]LogConfig: Setting CVar [[r.TranslucencyVolumeBlur:1]]
[2020.09.03-01.07.19:883][  0]LogConfig: Setting CVar [[r.MaterialQualityLevel:1 ; High quality]]
[2020.09.03-01.07.19:883][  0]LogConfig: Setting CVar [[r.SSS.Scale:1]]
[2020.09.03-01.07.19:883][  0]LogConfig: Setting CVar [[r.SSS.SampleSet:2]]
[2020.09.03-01.07.19:883][  0]LogConfig: Setting CVar [[r.SSS.Quality:1]]
[2020.09.03-01.07.19:883][  0]LogConfig: Setting CVar [[r.SSS.HalfRes:1]]
[2020.09.03-01.07.19:883][  0]LogConfig: Setting CVar [[r.SSGI.Quality:3]]
[2020.09.03-01.07.19:883][  0]LogConfig: Setting CVar [[r.EmitterSpawnRateScale:1.0]]
[2020.09.03-01.07.19:883][  0]LogConfig: Setting CVar [[r.ParticleLightQuality:2]]
[2020.09.03-01.07.19:883][  0]LogConfig: Setting CVar [[r.SkyAtmosphere.AerialPerspectiveLUT.FastApplyOnOpaque:1 ; Always have FastSkyLUT 1 in this case to avoid wrong sky]]
[2020.09.03-01.07.19:883][  0]LogConfig: Setting CVar [[r.SkyAtmosphere.AerialPerspectiveLUT.SampleCountPerSlice:1]]
[2020.09.03-01.07.19:883][  0]LogConfig: Setting CVar [[r.SkyAtmosphere.AerialPerspectiveLUT.DepthResolution:16.0]]
[2020.09.03-01.07.19:883][  0]LogConfig: Setting CVar [[r.SkyAtmosphere.FastSkyLUT:1]]
[2020.09.03-01.07.19:883][  0]LogConfig: Setting CVar [[r.SkyAtmosphere.FastSkyLUT.SampleCountMin:4.0]]
[2020.09.03-01.07.19:883][  0]LogConfig: Setting CVar [[r.SkyAtmosphere.FastSkyLUT.SampleCountMax:32.0]]
[2020.09.03-01.07.19:883][  0]LogConfig: Setting CVar [[r.SkyAtmosphere.SampleCountMin:4.0]]
[2020.09.03-01.07.19:883][  0]LogConfig: Setting CVar [[r.SkyAtmosphere.SampleCountMax:32.0]]
[2020.09.03-01.07.19:883][  0]LogConfig: Setting CVar [[r.SkyAtmosphere.TransmittanceLUT.UseSmallFormat:0]]
[2020.09.03-01.07.19:883][  0]LogConfig: Setting CVar [[r.SkyAtmosphere.TransmittanceLUT.SampleCount:10.0]]
[2020.09.03-01.07.19:883][  0]LogConfig: Setting CVar [[r.SkyAtmosphere.MultiScatteringLUT.SampleCount:15.0]]
[2020.09.03-01.07.19:883][  0]LogConfig: Applying CVar settings from Section [FoliageQuality@3] File [C:/Users/IM/Desktop/School_ClassPractice_01/Day21_unreal/Saved/Config/Windows/Scalability.ini]
[2020.09.03-01.07.19:883][  0]LogConfig: Setting CVar [[foliage.DensityScale:1.0]]
[2020.09.03-01.07.19:883][  0]LogConfig: Setting CVar [[grass.DensityScale:1.0]]
[2020.09.03-01.07.19:883][  0]LogConfig: Applying CVar settings from Section [ShadingQuality@3] File [C:/Users/IM/Desktop/School_ClassPractice_01/Day21_unreal/Saved/Config/Windows/Scalability.ini]
[2020.09.03-01.07.19:883][  0]LogConfig: Setting CVar [[r.HairStrands.SkyLighting.SampleCount:16]]
[2020.09.03-01.07.19:883][  0]LogConfig: Setting CVar [[r.HairStrands.SkyLighting.JitterIntegration:0]]
[2020.09.03-01.07.19:883][  0]LogConfig: Setting CVar [[r.HairStrands.SkyAO.SampleCount:16]]
[2020.09.03-01.07.19:883][  0]LogInit: Selected Device Profile: [Windows]
[2020.09.03-01.07.19:883][  0]LogInit: Applying CVar settings loaded from the selected device profile: [Windows]
[2020.09.03-01.07.19:889][  0]LogHAL: Display: Platform has ~ 16 GB [17048686592 / 17179869184 / 16], which maps to Larger [LargestMinGB=32, LargerMinGB=12, DefaultMinGB=8, SmallerMinGB=6, SmallestMinGB=0)
[2020.09.03-01.07.19:889][  0]LogInit: Going up to parent DeviceProfile []
[2020.09.03-01.07.19:889][  0]LogConfig: Applying CVar settings from Section [ViewDistanceQuality@3] File [C:/Users/IM/Desktop/School_ClassPractice_01/Day21_unreal/Saved/Config/Windows/Scalability.ini]
[2020.09.03-01.07.19:889][  0]LogConfig: Setting CVar [[r.SkeletalMeshLODBias:0]]
[2020.09.03-01.07.19:889][  0]LogConfig: Setting CVar [[r.ViewDistanceScale:1.0]]
[2020.09.03-01.07.19:889][  0]LogConfig: Applying CVar settings from Section [AntiAliasingQuality@3] File [C:/Users/IM/Desktop/School_ClassPractice_01/Day21_unreal/Saved/Config/Windows/Scalability.ini]
[2020.09.03-01.07.19:889][  0]LogConfig: Setting CVar [[r.PostProcessAAQuality:4]]
[2020.09.03-01.07.19:889][  0]LogConfig: Applying CVar settings from Section [ShadowQuality@3] File [C:/Users/IM/Desktop/School_ClassPractice_01/Day21_unreal/Saved/Config/Windows/Scalability.ini]
[2020.09.03-01.07.19:889][  0]LogConfig: Setting CVar [[r.LightFunctionQuality:1]]
[2020.09.03-01.07.19:889][  0]LogConfig: Setting CVar [[r.ShadowQuality:5]]
[2020.09.03-01.07.19:889][  0]LogConfig: Setting CVar [[r.Shadow.CSM.MaxCascades:10]]
[2020.09.03-01.07.19:889][  0]LogConfig: Setting CVar [[r.Shadow.MaxResolution:2048]]
[2020.09.03-01.07.19:889][  0]LogConfig: Setting CVar [[r.Shadow.MaxCSMResolution:2048]]
[2020.09.03-01.07.19:889][  0]LogConfig: Setting CVar [[r.Shadow.RadiusThreshold:0.01]]
[2020.09.03-01.07.19:889][  0]LogConfig: Setting CVar [[r.Shadow.DistanceScale:1.0]]
[2020.09.03-01.07.19:890][  0]LogConfig: Setting CVar [[r.Shadow.CSM.TransitionScale:1.0]]
[2020.09.03-01.07.19:890][  0]LogConfig: Setting CVar [[r.Shadow.PreShadowResolutionFactor:1.0]]
[2020.09.03-01.07.19:890][  0]LogConfig: Setting CVar [[r.DistanceFieldShadowing:1]]
[2020.09.03-01.07.19:890][  0]LogConfig: Setting CVar [[r.DistanceFieldAO:1]]
[2020.09.03-01.07.19:890][  0]LogConfig: Setting CVar [[r.AOQuality:2]]
[2020.09.03-01.07.19:890][  0]LogConfig: Setting CVar [[r.VolumetricFog:1]]
[2020.09.03-01.07.19:890][  0]LogConfig: Setting CVar [[r.VolumetricFog.GridPixelSize:8]]
[2020.09.03-01.07.19:890][  0]LogConfig: Setting CVar [[r.VolumetricFog.GridSizeZ:128]]
[2020.09.03-01.07.19:890][  0]LogConfig: Setting CVar [[r.VolumetricFog.HistoryMissSupersampleCount:4]]
[2020.09.03-01.07.19:890][  0]LogConfig: Setting CVar [[r.LightMaxDrawDistanceScale:1]]
[2020.09.03-01.07.19:890][  0]LogConfig: Setting CVar [[r.CapsuleShadows:1]]
[2020.09.03-01.07.19:890][  0]LogConfig: Applying CVar settings from Section [PostProcessQuality@3] File [C:/Users/IM/Desktop/School_ClassPractice_01/Day21_unreal/Saved/Config/Windows/Scalability.ini]
[2020.09.03-01.07.19:890][  0]LogConfig: Setting CVar [[r.MotionBlurQuality:4]]
[2020.09.03-01.07.19:890][  0]LogConfig: Setting CVar [[r.AmbientOcclusionMipLevelFactor:0.4]]
[2020.09.03-01.07.19:890][  0]LogConfig: Setting CVar [[r.AmbientOcclusionMaxQuality:100]]
[2020.09.03-01.07.19:890][  0]LogConfig: Setting CVar [[r.AmbientOcclusionLevels:-1]]
[2020.09.03-01.07.19:890][  0]LogConfig: Setting CVar [[r.AmbientOcclusionRadiusScale:1.0]]
[2020.09.03-01.07.19:890][  0]LogConfig: Setting CVar [[r.DepthOfFieldQuality:2]]
[2020.09.03-01.07.19:890][  0]LogConfig: Setting CVar [[r.RenderTargetPoolMin:400]]
[2020.09.03-01.07.19:890][  0]LogConfig: Setting CVar [[r.LensFlareQuality:2]]
[2020.09.03-01.07.19:890][  0]LogConfig: Setting CVar [[r.SceneColorFringeQuality:1]]
[2020.09.03-01.07.19:890][  0]LogConfig: Setting CVar [[r.EyeAdaptationQuality:2]]
[2020.09.03-01.07.19:890][  0]LogConfig: Setting CVar [[r.BloomQuality:5]]
[2020.09.03-01.07.19:890][  0]LogConfig: Setting CVar [[r.FastBlurThreshold:100]]
[2020.09.03-01.07.19:890][  0]LogConfig: Setting CVar [[r.Upscale.Quality:3]]
[2020.09.03-01.07.19:890][  0]LogConfig: Setting CVar [[r.Tonemapper.GrainQuantization:1]]
[2020.09.03-01.07.19:890][  0]LogConfig: Setting CVar [[r.LightShaftQuality:1]]
[2020.09.03-01.07.19:890][  0]LogConfig: Setting CVar [[r.Filter.SizeScale:1]]
[2020.09.03-01.07.19:890][  0]LogConfig: Setting CVar [[r.Tonemapper.Quality:5]]
[2020.09.03-01.07.19:890][  0]LogConfig: Setting CVar [[r.DOF.Gather.AccumulatorQuality:1        ; higher gathering accumulator quality]]
[2020.09.03-01.07.19:890][  0]LogConfig: Setting CVar [[r.DOF.Gather.PostfilterMethod:1          ; Median3x3 postfilering method]]
[2020.09.03-01.07.19:890][  0]LogConfig: Setting CVar [[r.DOF.Gather.EnableBokehSettings:0       ; no bokeh simulation when gathering]]
[2020.09.03-01.07.19:890][  0]LogConfig: Setting CVar [[r.DOF.Gather.RingCount:4                 ; medium number of samples when gathering]]
[2020.09.03-01.07.19:890][  0]LogConfig: Setting CVar [[r.DOF.Scatter.ForegroundCompositing:1    ; additive foreground scattering]]
[2020.09.03-01.07.19:890][  0]LogConfig: Setting CVar [[r.DOF.Scatter.BackgroundCompositing:2    ; additive background scattering]]
[2020.09.03-01.07.19:890][  0]LogConfig: Setting CVar [[r.DOF.Scatter.EnableBokehSettings:1      ; bokeh simulation when scattering]]
[2020.09.03-01.07.19:890][  0]LogConfig: Setting CVar [[r.DOF.Scatter.MaxSpriteRatio:0.1         ; only a maximum of 10% of scattered bokeh]]
[2020.09.03-01.07.19:890][  0]LogConfig: Setting CVar [[r.DOF.Recombine.Quality:1                ; cheap slight out of focus]]
[2020.09.03-01.07.19:890][  0]LogConfig: Setting CVar [[r.DOF.Recombine.EnableBokehSettings:0    ; no bokeh simulation on slight out of focus]]
[2020.09.03-01.07.19:890][  0]LogConfig: Setting CVar [[r.DOF.TemporalAAQuality:1                ; more stable temporal accumulation]]
[2020.09.03-01.07.19:890][  0]LogConfig: Setting CVar [[r.DOF.Kernel.MaxForegroundRadius:0.025]]
[2020.09.03-01.07.19:890][  0]LogConfig: Setting CVar [[r.DOF.Kernel.MaxBackgroundRadius:0.025]]
[2020.09.03-01.07.19:890][  0]LogConfig: Applying CVar settings from Section [TextureQuality@3] File [C:/Users/IM/Desktop/School_ClassPractice_01/Day21_unreal/Saved/Config/Windows/Scalability.ini]
[2020.09.03-01.07.19:890][  0]LogConfig: Setting CVar [[r.Streaming.MipBias:0]]
[2020.09.03-01.07.19:890][  0]LogConfig: Setting CVar [[r.Streaming.AmortizeCPUToGPUCopy:0]]
[2020.09.03-01.07.19:890][  0]LogConfig: Setting CVar [[r.Streaming.MaxNumTexturesToStreamPerFrame:0]]
[2020.09.03-01.07.19:890][  0]LogConfig: Setting CVar [[r.Streaming.Boost:1]]
[2020.09.03-01.07.19:890][  0]LogConfig: Setting CVar [[r.MaxAnisotropy:8]]
[2020.09.03-01.07.19:890][  0]LogConfig: Setting CVar [[r.VT.MaxAnisotropy:8]]
[2020.09.03-01.07.19:890][  0]LogConfig: Setting CVar [[r.Streaming.LimitPoolSizeToVRAM:0]]
[2020.09.03-01.07.19:890][  0]LogConfig: Setting CVar [[r.Streaming.PoolSize:1000]]
[2020.09.03-01.07.19:890][  0]LogConfig: Setting CVar [[r.Streaming.MaxEffectiveScreenSize:0]]
[2020.09.03-01.07.19:890][  0]LogConfig: Applying CVar settings from Section [EffectsQuality@3] File [C:/Users/IM/Desktop/School_ClassPractice_01/Day21_unreal/Saved/Config/Windows/Scalability.ini]
[2020.09.03-01.07.19:890][  0]LogConfig: Setting CVar [[r.TranslucencyLightingVolumeDim:64]]
[2020.09.03-01.07.19:890][  0]LogConfig: Setting CVar [[r.RefractionQuality:2]]
[2020.09.03-01.07.19:890][  0]LogConfig: Setting CVar [[r.SSR.Quality:3]]
[2020.09.03-01.07.19:890][  0]LogConfig: Setting CVar [[r.SSR.HalfResSceneColor:0]]
[2020.09.03-01.07.19:890][  0]LogConfig: Setting CVar [[r.SceneColorFormat:4]]
[2020.09.03-01.07.19:890][  0]LogConfig: Setting CVar [[r.DetailMode:2]]
[2020.09.03-01.07.19:890][  0]LogConfig: Setting CVar [[r.TranslucencyVolumeBlur:1]]
[2020.09.03-01.07.19:890][  0]LogConfig: Setting CVar [[r.MaterialQualityLevel:1 ; High quality]]
[2020.09.03-01.07.19:890][  0]LogConfig: Setting CVar [[r.SSS.Scale:1]]
[2020.09.03-01.07.19:890][  0]LogConfig: Setting CVar [[r.SSS.SampleSet:2]]
[2020.09.03-01.07.19:890][  0]LogConfig: Setting CVar [[r.SSS.Quality:1]]
[2020.09.03-01.07.19:890][  0]LogConfig: Setting CVar [[r.SSS.HalfRes:1]]
[2020.09.03-01.07.19:890][  0]LogConfig: Setting CVar [[r.SSGI.Quality:3]]
[2020.09.03-01.07.19:890][  0]LogConfig: Setting CVar [[r.EmitterSpawnRateScale:1.0]]
[2020.09.03-01.07.19:890][  0]LogConfig: Setting CVar [[r.ParticleLightQuality:2]]
[2020.09.03-01.07.19:890][  0]LogConfig: Setting CVar [[r.SkyAtmosphere.AerialPerspectiveLUT.FastApplyOnOpaque:1 ; Always have FastSkyLUT 1 in this case to avoid wrong sky]]
[2020.09.03-01.07.19:890][  0]LogConfig: Setting CVar [[r.SkyAtmosphere.AerialPerspectiveLUT.SampleCountPerSlice:1]]
[2020.09.03-01.07.19:890][  0]LogConfig: Setting CVar [[r.SkyAtmosphere.AerialPerspectiveLUT.DepthResolution:16.0]]
[2020.09.03-01.07.19:890][  0]LogConfig: Setting CVar [[r.SkyAtmosphere.FastSkyLUT:1]]
[2020.09.03-01.07.19:890][  0]LogConfig: Setting CVar [[r.SkyAtmosphere.FastSkyLUT.SampleCountMin:4.0]]
[2020.09.03-01.07.19:890][  0]LogConfig: Setting CVar [[r.SkyAtmosphere.FastSkyLUT.SampleCountMax:32.0]]
[2020.09.03-01.07.19:890][  0]LogConfig: Setting CVar [[r.SkyAtmosphere.SampleCountMin:4.0]]
[2020.09.03-01.07.19:890][  0]LogConfig: Setting CVar [[r.SkyAtmosphere.SampleCountMax:32.0]]
[2020.09.03-01.07.19:890][  0]LogConfig: Setting CVar [[r.SkyAtmosphere.TransmittanceLUT.UseSmallFormat:0]]
[2020.09.03-01.07.19:890][  0]LogConfig: Setting CVar [[r.SkyAtmosphere.TransmittanceLUT.SampleCount:10.0]]
[2020.09.03-01.07.19:890][  0]LogConfig: Setting CVar [[r.SkyAtmosphere.MultiScatteringLUT.SampleCount:15.0]]
[2020.09.03-01.07.19:890][  0]LogConfig: Applying CVar settings from Section [FoliageQuality@3] File [C:/Users/IM/Desktop/School_ClassPractice_01/Day21_unreal/Saved/Config/Windows/Scalability.ini]
[2020.09.03-01.07.19:890][  0]LogConfig: Setting CVar [[foliage.DensityScale:1.0]]
[2020.09.03-01.07.19:890][  0]LogConfig: Setting CVar [[grass.DensityScale:1.0]]
[2020.09.03-01.07.19:890][  0]LogConfig: Applying CVar settings from Section [ShadingQuality@3] File [C:/Users/IM/Desktop/School_ClassPractice_01/Day21_unreal/Saved/Config/Windows/Scalability.ini]
[2020.09.03-01.07.19:890][  0]LogConfig: Setting CVar [[r.HairStrands.SkyLighting.SampleCount:16]]
[2020.09.03-01.07.19:891][  0]LogConfig: Setting CVar [[r.HairStrands.SkyLighting.JitterIntegration:0]]
[2020.09.03-01.07.19:891][  0]LogConfig: Setting CVar [[r.HairStrands.SkyAO.SampleCount:16]]
[2020.09.03-01.07.19:891][  0]LogConfig: Applying CVar settings from Section [Startup] File [../../../Engine/Config/ConsoleVariables.ini]
[2020.09.03-01.07.19:894][  0]LogConfig: Setting CVar [[net.UseAdaptiveNetUpdateFrequency:0]]
[2020.09.03-01.07.19:894][  0]LogConfig: Setting CVar [[p.chaos.AllowCreatePhysxBodies:1]]
[2020.09.03-01.07.19:894][  0]LogConfig: Applying CVar settings from Section [ConsoleVariables] File [C:/Users/IM/Desktop/School_ClassPractice_01/Day21_unreal/Saved/Config/Windows/Engine.ini]
[2020.09.03-01.07.19:894][  0]LogInit: Computer: M514-050
[2020.09.03-01.07.19:894][  0]LogInit: User: IM
[2020.09.03-01.07.19:894][  0]LogInit: CPU Page size=4096, Cores=6
[2020.09.03-01.07.19:894][  0]LogInit: High frequency timer resolution =10.000000 MHz
[2020.09.03-01.07.19:895][  0]LogMemory: Memory total: Physical=15.9GB (16GB approx)
[2020.09.03-01.07.19:895][  0]LogMemory: Platform Memory Stats for Windows
[2020.09.03-01.07.19:895][  0]LogMemory: Process Physical Memory: 106.44 MB used, 106.44 MB peak
[2020.09.03-01.07.19:895][  0]LogMemory: Process Virtual Memory: 101.53 MB used, 101.53 MB peak
[2020.09.03-01.07.19:895][  0]LogMemory: Physical Memory: 4427.42 MB used,  11831.47 MB free, 16258.89 MB total
[2020.09.03-01.07.19:895][  0]LogMemory: Virtual Memory: 5159.34 MB used,  134212568.00 MB free, 134217728.00 MB total
[2020.09.03-01.07.19:896][  0]LogWindows: WindowsPlatformFeatures enabled
[2020.09.03-01.07.20:762][  0]LogInit: Using OS detected language (zh-TW).
[2020.09.03-01.07.20:762][  0]LogInit: Using OS detected locale (zh-TW).
[2020.09.03-01.07.20:762][  0]LogTextLocalizationManager: No localization for 'zh-TW' exists, so 'en' will be used for the language.
[2020.09.03-01.07.20:920][  0]LogInit: Setting process to per monitor DPI aware
[2020.09.03-01.07.20:992][  0]LogSlate: New Slate User Created.  User Index 0, Is Virtual User: 0
[2020.09.03-01.07.20:992][  0]LogSlate: Slate User Registered.  User Index 0, Is Virtual User: 0
[2020.09.03-01.07.23:243][  0]LogHMD: Failed to initialize OpenVR with code 110
[2020.09.03-01.07.23:243][  0]LogD3D11RHI: D3D11 min allowed feature level: 11_0
[2020.09.03-01.07.23:243][  0]LogD3D11RHI: D3D11 max allowed feature level: 11_0
[2020.09.03-01.07.23:243][  0]LogD3D11RHI: D3D11 adapters:
[2020.09.03-01.07.23:285][  0]LogD3D11RHI:    0. 'NVIDIA Quadro P1000' (Feature Level 11_0)
[2020.09.03-01.07.23:285][  0]LogD3D11RHI:       4019/0/8129 MB DedicatedVideo/DedicatedSystem/SharedSystem, Outputs:1, VendorId:0x10de
[2020.09.03-01.07.23:287][  0]LogD3D11RHI:    1. 'Microsoft Basic Render Driver' (Feature Level 11_0)
[2020.09.03-01.07.23:287][  0]LogD3D11RHI:       0/0/8129 MB DedicatedVideo/DedicatedSystem/SharedSystem, Outputs:0, VendorId:0x1414
[2020.09.03-01.07.23:287][  0]LogD3D11RHI: Chosen D3D11 Adapter: 0
[2020.09.03-01.07.23:292][  0]LogD3D11RHI: Creating new Direct3DDevice
[2020.09.03-01.07.23:292][  0]LogD3D11RHI:     GPU DeviceId: 0x1cb1 (for the marketing name, search the web for "GPU Device Id")
[2020.09.03-01.07.23:292][  0]LogWindows: EnumDisplayDevices:
[2020.09.03-01.07.23:292][  0]LogWindows:    0. 'NVIDIA Quadro P1000' (P:1 D:1)
[2020.09.03-01.07.23:292][  0]LogWindows:    1. 'NVIDIA Quadro P1000' (P:0 D:0)
[2020.09.03-01.07.23:293][  0]LogWindows:    2. 'NVIDIA Quadro P1000' (P:0 D:0)
[2020.09.03-01.07.23:293][  0]LogWindows:    3. 'NVIDIA Quadro P1000' (P:0 D:0)
[2020.09.03-01.07.23:293][  0]LogWindows: DebugString: FoundDriverCount:4 
[2020.09.03-01.07.23:293][  0]LogD3D11RHI:     Adapter Name: NVIDIA Quadro P1000
[2020.09.03-01.07.23:293][  0]LogD3D11RHI:   Driver Version: 430.86 (internal:26.21.14.3086, unified:430.86)
[2020.09.03-01.07.23:293][  0]LogD3D11RHI:      Driver Date: 5-22-2019
[2020.09.03-01.07.23:293][  0]LogRHI: Texture pool is 2813 MB (70% of 4019 MB)
[2020.09.03-01.07.23:327][  0]LogD3D11RHI: RHI has support for 64 bit atomics
[2020.09.03-01.07.23:327][  0]LogD3D11RHI: Async texture creation enabled
[2020.09.03-01.07.23:337][  0]LogD3D11RHI: GPU Timing Frequency: 1000.000000 (Debug: 2 1)
[2020.09.03-01.07.24:079][  0]LogTargetPlatformManager: Display: Loaded TargetPlatform 'AllDesktop'
[2020.09.03-01.07.24:111][  0]LogTargetPlatformManager: Display: Loaded TargetPlatform 'Android'
[2020.09.03-01.07.24:111][  0]LogTargetPlatformManager: Display: Loaded TargetPlatform 'Android_ASTC'
[2020.09.03-01.07.24:111][  0]LogTargetPlatformManager: Display: Loaded TargetPlatform 'Android_ATC'
[2020.09.03-01.07.24:111][  0]LogTargetPlatformManager: Display: Loaded TargetPlatform 'Android_DXT'
[2020.09.03-01.07.24:111][  0]LogTargetPlatformManager: Display: Loaded TargetPlatform 'Android_ETC1'
[2020.09.03-01.07.24:111][  0]LogTargetPlatformManager: Display: Loaded TargetPlatform 'Android_ETC1a'
[2020.09.03-01.07.24:111][  0]LogTargetPlatformManager: Display: Loaded TargetPlatform 'Android_ETC2'
[2020.09.03-01.07.24:111][  0]LogTargetPlatformManager: Display: Loaded TargetPlatform 'Android_PVRTC'
[2020.09.03-01.07.24:111][  0]LogTargetPlatformManager: Display: Loaded TargetPlatform 'AndroidClient'
[2020.09.03-01.07.24:111][  0]LogTargetPlatformManager: Display: Loaded TargetPlatform 'Android_ASTCClient'
[2020.09.03-01.07.24:111][  0]LogTargetPlatformManager: Display: Loaded TargetPlatform 'Android_ATCClient'
[2020.09.03-01.07.24:111][  0]LogTargetPlatformManager: Display: Loaded TargetPlatform 'Android_DXTClient'
[2020.09.03-01.07.24:111][  0]LogTargetPlatformManager: Display: Loaded TargetPlatform 'Android_ETC1Client'
[2020.09.03-01.07.24:111][  0]LogTargetPlatformManager: Display: Loaded TargetPlatform 'Android_ETC1aClient'
[2020.09.03-01.07.24:111][  0]LogTargetPlatformManager: Display: Loaded TargetPlatform 'Android_ETC2Client'
[2020.09.03-01.07.24:111][  0]LogTargetPlatformManager: Display: Loaded TargetPlatform 'Android_PVRTCClient'
[2020.09.03-01.07.24:111][  0]LogTargetPlatformManager: Display: Loaded TargetPlatform 'Android_Multi'
[2020.09.03-01.07.24:111][  0]LogTargetPlatformManager: Display: Loaded TargetPlatform 'Android_MultiClient'
[2020.09.03-01.07.24:131][  0]LogTargetPlatformManager: Display: Loaded TargetPlatform 'IOSClient'
[2020.09.03-01.07.24:131][  0]LogTargetPlatformManager: Display: Loaded TargetPlatform 'IOS'
[2020.09.03-01.07.24:137][  0]LogTargetPlatformManager: Display: Loaded TargetPlatform 'LinuxNoEditor'
[2020.09.03-01.07.24:142][  0]LogTargetPlatformManager: Display: Loaded TargetPlatform 'LinuxClient'
[2020.09.03-01.07.24:148][  0]LogTargetPlatformManager: Display: Loaded TargetPlatform 'LinuxServer'
[2020.09.03-01.07.24:153][  0]LogTargetPlatformManager: Display: Loaded TargetPlatform 'LinuxAArch64NoEditor'
[2020.09.03-01.07.24:159][  0]LogTargetPlatformManager: Display: Loaded TargetPlatform 'LinuxAArch64Client'
[2020.09.03-01.07.24:163][  0]LogTargetPlatformManager: Display: Loaded TargetPlatform 'LinuxAArch64Server'
[2020.09.03-01.07.24:187][  0]LogTargetPlatformManager: Display: Loaded TargetPlatform 'Lumin'
[2020.09.03-01.07.24:187][  0]LogTargetPlatformManager: Display: Loaded TargetPlatform 'LuminClient'
[2020.09.03-01.07.24:198][  0]LogTargetPlatformManager: Display: Loaded TargetPlatform 'TVOSClient'
[2020.09.03-01.07.24:198][  0]LogTargetPlatformManager: Display: Loaded TargetPlatform 'TVOS'
[2020.09.03-01.07.24:204][  0]LogTargetPlatformManager: Display: Loaded TargetPlatform 'WindowsNoEditor'
[2020.09.03-01.07.24:212][  0]LogTargetPlatformManager: Display: Loaded TargetPlatform 'Windows'
[2020.09.03-01.07.24:218][  0]LogTargetPlatformManager: Display: Loaded TargetPlatform 'WindowsClient'
[2020.09.03-01.07.24:224][  0]LogTargetPlatformManager: Display: Loaded TargetPlatform 'WindowsServer'
[2020.09.03-01.07.24:224][  0]LogTargetPlatformManager: Display: Building Assets For Windows
[2020.09.03-01.07.24:531][  0]LogAudioDebug: Display: Lib vorbis DLL was dynamically loaded.
[2020.09.03-01.07.24:739][  0]LogShaderCompilers: Guid format shader working directory is -28 characters bigger than the processId version (../../../../../../Users/IM/Desktop/School_ClassPractice_01/Day21_unreal/Intermediate/Shaders/WorkingDirectory/4292/).
[2020.09.03-01.07.24:740][  0]LogShaderCompilers: Cleaned the shader compiler working directory 'C:/Users/IM/AppData/Local/Temp/UnrealShaderWorkingDir/1EA5FF824E50A6D85BA0CDBDAEB084A3/'.
[2020.09.03-01.07.24:740][  0]LogXGEController: Cleaning working directory: C:/Users/IM/AppData/Local/Temp/UnrealXGEWorkingDir/
[2020.09.03-01.07.24:740][  0]LogXGEController: Cannot use XGE Controller as Incredibuild is not installed on this machine.
[2020.09.03-01.07.24:740][  0]LogShaderCompilers: Cannot use XGE Shader Compiler as Incredibuild is not installed on this machine.
[2020.09.03-01.07.24:740][  0]LogShaderCompilers: Display: Using Local Shader Compiler.
[2020.09.03-01.07.26:850][  0]LogDerivedDataCache: Display: Max Cache Size: 512 MB
[2020.09.03-01.07.26:895][  0]LogDerivedDataCache: Loaded boot cache 0.04s 78MB C:/Users/IM/AppData/Local/UnrealEngine/4.24/DerivedDataCache/Boot.ddc.
[2020.09.03-01.07.26:895][  0]LogDerivedDataCache: Display: Loaded Boot cache: C:/Users/IM/AppData/Local/UnrealEngine/4.24/DerivedDataCache/Boot.ddc
[2020.09.03-01.07.26:895][  0]LogDerivedDataCache: FDerivedDataBackendGraph:  Pak pak cache file ../../../../../../Users/IM/Desktop/School_ClassPractice_01/Day21_unreal/DerivedDataCache/DDC.ddp not found, will not use a pak cache.
[2020.09.03-01.07.26:895][  0]LogDerivedDataCache: Unable to find inner node Pak for hierarchical cache Hierarchy.
[2020.09.03-01.07.26:895][  0]LogDerivedDataCache: FDerivedDataBackendGraph:  CompressedPak pak cache file ../../../../../../Users/IM/Desktop/School_ClassPractice_01/Day21_unreal/DerivedDataCache/Compressed.ddp not found, will not use a pak cache.
[2020.09.03-01.07.26:895][  0]LogDerivedDataCache: Unable to find inner node CompressedPak for hierarchical cache Hierarchy.
[2020.09.03-01.07.27:264][  0]LogDerivedDataCache: Display: Pak cache opened for reading ../../../Engine/DerivedDataCache/Compressed.ddp.
[2020.09.03-01.07.27:264][  0]LogDerivedDataCache: FDerivedDataBackendGraph:  EnterprisePak pak cache file ../../../Enterprise/DerivedDataCache/Compressed.ddp not found, will not use a pak cache.
[2020.09.03-01.07.27:264][  0]LogDerivedDataCache: Unable to find inner node EnterprisePak for hierarchical cache Hierarchy.
[2020.09.03-01.07.27:264][  0]LogDerivedDataCache: Using Local data cache path C:/Users/IM/AppData/Local/UnrealEngine/Common/DerivedDataCache: Writable
[2020.09.03-01.07.27:264][  0]LogDerivedDataCache: Shared data cache path not found in *engine.ini, will not use an Shared cache.
[2020.09.03-01.07.27:264][  0]LogDerivedDataCache: Unable to find inner node Shared for hierarchical cache Hierarchy.
[2020.09.03-01.07.27:283][  0]LogMaterial: Verifying Global Shaders for PCD3D_SM5
[2020.09.03-01.07.27:285][  0]LogSlate: Using FreeType 2.10.0
[2020.09.03-01.07.27:294][  0]LogSlate: SlateFontServices - WITH_FREETYPE: 1, WITH_HARFBUZZ: 1
[2020.09.03-01.07.27:433][  0]LogAssetRegistry: FAssetRegistry took 0.0019 seconds to start up
[2020.09.03-01.07.27:827][  0]LogInit: Selected Device Profile: [Windows]
[2020.09.03-01.07.30:196][  0]LogMeshReduction: Using QuadricMeshReduction for automatic static mesh reduction
[2020.09.03-01.07.30:196][  0]LogMeshReduction: Using SimplygonMeshReduction for automatic skeletal mesh reduction
[2020.09.03-01.07.30:196][  0]LogMeshReduction: Using ProxyLODMeshReduction for automatic mesh merging
[2020.09.03-01.07.30:196][  0]LogMeshReduction: No distributed automatic mesh merging module available
[2020.09.03-01.07.30:196][  0]LogMeshMerging: No distributed automatic mesh merging module available
[2020.09.03-01.07.30:345][  0]LogNetVersion: Day21 1.0.0, NetCL: 10570792, EngineNetVer: 13, GameNetVer: 0 (Checksum: 1926807228)
[2020.09.03-01.07.37:704][  0]LogPackageLocalizationCache: Processed 10 localized package path(s) for 1 prioritized culture(s) in 0.036584 seconds
[2020.09.03-01.07.37:709][  0]LogUObjectArray: 46750 objects as part of root set at end of initial load.
[2020.09.03-01.07.37:709][  0]LogUObjectAllocator: 8137160 out of 0 bytes used by permanent object pool.
[2020.09.03-01.07.37:709][  0]LogUObjectArray: CloseDisregardForGC: 0/0 objects in disregard for GC pool
[2020.09.03-01.07.41:393][  0]LogTcpMessaging: Initializing TcpMessaging bridge
[2020.09.03-01.07.41:395][  0]LogUdpMessaging: Initializing bridge on interface 0.0.0.0:0 to multicast group 230.0.0.1:6666.
[2020.09.03-01.07.41:531][  0]SourceControl: Source control is disabled
[2020.09.03-01.07.41:531][  0]SourceControl: Source control is disabled
[2020.09.03-01.07.41:532][  0]SourceControl: Source control is disabled
[2020.09.03-01.07.41:533][  0]SourceControl: Source control is disabled
[2020.09.03-01.07.41:533][  0]SourceControl: Source control is disabled
[2020.09.03-01.07.41:603][  0]LogAndroidPermission: UAndroidPermissionCallbackProxy::GetInstance
[2020.09.03-01.07.41:609][  0]LogAudioCaptureCore: Display: No Audio Capture implementations found. Audio input will be silent.
[2020.09.03-01.07.41:609][  0]LogAudioCaptureCore: Display: No Audio Capture implementations found. Audio input will be silent.
[2020.09.03-01.07.42:322][  0]LogOcInput: OculusInput pre-init called
[2020.09.03-01.07.42:327][  0]LogWindows: Failed to load 'OVRPlugin.dll' (GetLastError=126)
[2020.09.03-01.07.42:327][  0]LogWindows: File 'OVRPlugin.dll' does not exist
[2020.09.03-01.07.42:670][  0]LogEngine: Initializing Engine...
[2020.09.03-01.07.42:671][  0]LogHMD: Failed to initialize OpenVR with code 110
[2020.09.03-01.07.42:671][  0]LogStats: UGameplayTagsManager::InitializeManager -  0.000 s
[2020.09.03-01.07.44:591][  0]LogInit: Initializing FReadOnlyCVARCache
[2020.09.03-01.07.44:596][  0]LogAIModule: Creating AISystem for world Untitled
[2020.09.03-01.07.44:597][  0]LogAudioMixer: Display: Audio Mixer Platform Settings:
[2020.09.03-01.07.44:597][  0]LogAudioMixer: Display: 	Sample Rate:						  48000
[2020.09.03-01.07.44:597][  0]LogAudioMixer: Display: 	Callback Buffer Frame Size Requested: 1024
[2020.09.03-01.07.44:597][  0]LogAudioMixer: Display: 	Callback Buffer Frame Size To Use:	  1024
[2020.09.03-01.07.44:597][  0]LogAudioMixer: Display: 	Number of buffers to queue:			  2
[2020.09.03-01.07.44:597][  0]LogAudioMixer: Display: 	Max Channels (voices):				  32
[2020.09.03-01.07.44:597][  0]LogAudioMixer: Display: 	Number of Async Source Workers:		  0
[2020.09.03-01.07.44:597][  0]LogAudio: Display: AudioDevice MaxSources: 32
[2020.09.03-01.07.44:597][  0]LogAudio: Display: Using built-in audio occlusion.
[2020.09.03-01.07.44:597][  0]LogAudioMixer: Display: Initializing audio mixer.
[2020.09.03-01.07.44:601][  0]LogAudioMixer: Display: Using Audio Device Unknown
[2020.09.03-01.07.44:603][  0]LogInit: FAudioDevice initialized.
[2020.09.03-01.07.44:603][  0]LogNetVersion: Set ProjectVersion to 1.0.0.0. Version Checksum will be recalculated on next use.
[2020.09.03-01.07.46:059][  0]LogDerivedDataCache: Saved boot cache 1.46s 78MB C:/Users/IM/AppData/Local/UnrealEngine/4.24/DerivedDataCache/Boot.ddc.
[2020.09.03-01.07.46:063][  0]LogInit: Texture streaming: Enabled
[2020.09.03-01.07.46:071][  0]LogEngineSessionManager: EngineSessionManager initialized
[2020.09.03-01.07.46:071][  0]LogEditorSessionSummary: Verbose: Initializing EditorSessionSummaryWriter for editor session tracking
[2020.09.03-01.07.46:072][  0]LogEditorSessionSummary: EditorSessionSummaryWriter initialized
[2020.09.03-01.07.46:128][  0]LogInit: Transaction tracking system initialized
[2020.09.03-01.07.46:136][  0]BlueprintLog: New page: Editor Load
[2020.09.03-01.07.46:165][  0]LocalizationService: Localization service is disabled
[2020.09.03-01.07.48:194][  0]LogFileCache: Scanning file cache for directory 'C:/Users/IM/Desktop/School_ClassPractice_01/Day21_unreal/Content/' took 0.01s
[2020.09.03-01.07.48:194][  0]LogCook: Display: Max memory allowance for cook 16384mb min free memory 0mb
[2020.09.03-01.07.48:194][  0]LogCook: Display: Mobile HDR setting 1
[2020.09.03-01.07.48:957][  0]SourceControl: Source control is disabled
[2020.09.03-01.07.48:957][  0]Cmd: MAP LOAD FILE="../../../../../../Users/IM/Desktop/School_ClassPractice_01/Day21_unreal/Content/MAPS/遊戲關卡01.umap" TEMPLATE=0 SHOWPROGRESS=1 FEATURELEVEL=3
[2020.09.03-01.07.48:957][  0]LightingResults: New page: Lighting Build
[2020.09.03-01.07.48:958][  0]LogWorld: UWorld::CleanupWorld for Untitled, bSessionEnded=true, bCleanupResources=true
[2020.09.03-01.07.48:958][  0]LogSlate: InvalidateAllWidgets triggered.  All widgets were invalidated
[2020.09.03-01.07.48:958][  0]MapCheck: New page: Map Check
[2020.09.03-01.07.48:958][  0]LightingResults: New page: Lighting Build
[2020.09.03-01.07.48:982][  0]LogUObjectHash: Compacting FUObjectHashTables data took   1.36ms
[2020.09.03-01.07.52:977][  0]LogAIModule: Creating AISystem for world 遊戲關卡01
[2020.09.03-01.07.53:226][  0]LogEditorServer: Finished looking for orphan Actors (0.000 secs)
[2020.09.03-01.07.53:259][  0]LogUObjectHash: Compacting FUObjectHashTables data took   2.35ms
[2020.09.03-01.07.53:259][  0]Cmd: MAP CHECKDEP NOCLEARLOG
[2020.09.03-01.07.53:259][  0]MapCheck: Map check complete: 0 Error(s), 0 Warning(s), took 0.174ms to complete.
[2020.09.03-01.07.53:259][  0]LogFileHelpers: Loading map '遊戲關卡01' took 4.302
[2020.09.03-01.07.53:426][  0]LogSlate: Updating window title bar state: overlay mode, drag disabled, window buttons hidden, title bar hidden
[2020.09.03-01.07.53:432][  0]LogSlate: Updating window title bar state: overlay mode, drag disabled, window buttons hidden, title bar hidden
[2020.09.03-01.07.53:438][  0]LogSlate: Updating window title bar state: overlay mode, drag disabled, window buttons hidden, title bar hidden
[2020.09.03-01.07.53:443][  0]LogSlate: Updating window title bar state: overlay mode, drag disabled, window buttons hidden, title bar hidden
[2020.09.03-01.07.53:450][  0]LogCollectionManager: Loaded 0 collections in 0.000693 seconds
[2020.09.03-01.07.53:462][  0]LogFileCache: Scanning file cache for directory 'C:/Users/IM/Desktop/School_ClassPractice_01/Day21_unreal/Saved/Collections/' took 0.00s
[2020.09.03-01.07.53:462][  0]LogFileCache: Scanning file cache for directory 'C:/Users/IM/Desktop/School_ClassPractice_01/Day21_unreal/Content/Developers/IM/Collections/' took 0.00s
[2020.09.03-01.07.53:462][  0]LogFileCache: Scanning file cache for directory 'C:/Users/IM/Desktop/School_ClassPractice_01/Day21_unreal/Content/Collections/' took 0.00s
[2020.09.03-01.07.53:462][  0]LogContentBrowser: Native class hierarchy populated in 0.0079 seconds. Added 3015 classes and 717 folders.
[2020.09.03-01.07.53:464][  0]LogContentBrowser: Native class hierarchy updated for 'WidgetCarousel' in 0.0002 seconds. Added 0 classes and 0 folders.
[2020.09.03-01.07.53:756][  0]LogContentBrowser: Native class hierarchy updated for 'AddContentDialog' in 0.0002 seconds. Added 0 classes and 0 folders.
[2020.09.03-01.07.53:759][  0]LogContentBrowser: Native class hierarchy updated for 'SceneOutliner' in 0.0002 seconds. Added 2 classes and 3 folders.
[2020.09.03-01.07.53:878][  0]LogSlate: Took 0.003568 seconds to synchronously load lazily loaded font '../../../Engine/Content/Slate/Fonts/Roboto-Regular.ttf' (155K)
[2020.09.03-01.07.53:882][  0]LogSlate: Took 0.003686 seconds to synchronously load lazily loaded font '../../../Engine/Content/Slate/Fonts/DroidSansFallback.ttf' (3848K)
[2020.09.03-01.07.53:886][  0]LogSlate: Took 0.002846 seconds to synchronously load lazily loaded font '../../../Engine/Content/Slate/Fonts/Roboto-Bold.ttf' (160K)
[2020.09.03-01.07.53:892][  0]LogSlate: Took 0.003400 seconds to synchronously load lazily loaded font '../../../Engine/Content/Editor/Slate/Fonts/FontAwesome.ttf' (139K)
[2020.09.03-01.07.54:128][  0]LogRenderer: Reallocating scene render targets to support 1208x644 Format 10 NumSamples 1 (Frame:1).
[2020.09.03-01.07.54:182][  0]LogContentBrowser: Native class hierarchy updated for 'HierarchicalLODOutliner' in 0.0002 seconds. Added 0 classes and 0 folders.
[2020.09.03-01.07.54:182][  0]LogLoad: (Engine Initialization) Total time: 36.55 seconds
[2020.09.03-01.07.54:182][  0]LogLoad: (Engine Initialization) Total Blueprint compile time: 0.00 seconds
[2020.09.03-01.07.54:253][  0]LogEditorViewport: Clicking on Actor (LMB): StaticMeshActor (SM_Crypt_Ceiling11)
[2020.09.03-01.07.54:383][  0]LogContentStreaming: Texture pool size now 1000 MB
[2020.09.03-01.07.59:982][ 51]LogAssetRegistry: Asset discovery search completed in 32.5495 seconds
[2020.09.03-01.07.59:985][ 51]LogCollectionManager: Fixed up redirectors for 0 collections in 0.000006 seconds (updated 0 objects)
[2020.09.03-01.08.46:471][786]LogSlate: Took 0.003824 seconds to synchronously load lazily loaded font '../../../Engine/Content/Slate/Fonts/Roboto-Light.ttf' (167K)
[2020.09.03-01.08.46:482][786]LogAssetEditorSubsystem: Opening Asset editor for Blueprint /Game/Day21_BP/Day21_BP.Day21_BP
[2020.09.03-01.08.46:600][786]LogContentBrowser: Native class hierarchy updated for 'BlueprintGraph' in 0.0004 seconds. Added 121 classes and 0 folders.
[2020.09.03-01.08.47:405][786]LogSlate: Took 0.003614 seconds to synchronously load lazily loaded font '../../../Engine/Content/Slate/Fonts/Roboto-BoldCondensed.ttf' (158K)
[2020.09.03-01.08.47:559][787]LogSlate: Took 0.003584 seconds to synchronously load lazily loaded font '../../../Engine/Content/Slate/Fonts/Roboto-Italic.ttf' (157K)
[2020.09.03-01.08.55:877][707]LogEditorTransaction: Undo Move Node
[2020.09.03-01.09.08:787][189]BlueprintLog: New page: Compile Day21_BP
[2020.09.03-01.09.09:010][189]LogUObjectHash: Compacting FUObjectHashTables data took   3.05ms
[2020.09.03-01.09.09:397][224]Cmd: OBJ SAVEPACKAGE PACKAGE="/Game/Day21_BP/Day21_BP" FILE="../../../../../../Users/IM/Desktop/School_ClassPractice_01/Day21_unreal/Content/Day21_BP/Day21_BP.uasset" SILENT=true
[2020.09.03-01.09.09:470][224]LogSavePackage: Moving '../../../../../../Users/IM/Desktop/School_ClassPractice_01/Day21_unreal/Saved/Day21_BPF82170A34B63E66FDE71F193FE1AB229.tmp' to '../../../../../../Users/IM/Desktop/School_ClassPractice_01/Day21_unreal/Content/Day21_BP/Day21_BP.uasset'
[2020.09.03-01.09.09:481][224]AssetCheck: New page: Asset Save: Day21_BP
[2020.09.03-01.09.09:481][224]LogContentValidation: Display: Validating Blueprint /Game/Day21_BP/Day21_BP.Day21_BP
[2020.09.03-01.09.39:265][480]LogAudioMixer: Warning: Changing default audio render device to new device: {0.0.0.00000000}.{3088183b-517c-4fcf-9495-f857c291c84b}.
[2020.09.03-01.09.39:265][480]LogTemp: Resetting audio stream to device id 
[2020.09.03-01.09.39:275][480]LogAudioMixer: Display: Audio Device Output Speaker Info:
[2020.09.03-01.09.39:275][480]LogAudioMixer: Display: Name: 喇叭 (Realtek(R) Audio)
[2020.09.03-01.09.39:275][480]LogAudioMixer: Display: Is Default: Yes
[2020.09.03-01.09.39:275][480]LogAudioMixer: Display: Sample Rate: 48000
[2020.09.03-01.09.39:275][480]LogAudioMixer: Display: Channel Count Used: 2
[2020.09.03-01.09.39:275][480]LogAudioMixer: Display: Device Channel Count: 2
[2020.09.03-01.09.39:275][480]LogAudioMixer: Display: Channel Order:
[2020.09.03-01.09.39:275][480]LogAudioMixer: Display: 0: FrontLeft
[2020.09.03-01.09.39:275][480]LogAudioMixer: Display: 1: FrontRight
[2020.09.03-01.10.22:334][447]LogAssetEditorSubsystem: Opening Asset editor for Blueprint /Game/Zombie_BP/Zombie_BP.Zombie_BP
[2020.09.03-01.13.44:511][125]BlueprintLog: New page: Compile Day21_BP
[2020.09.03-01.13.44:726][125]LogUObjectHash: Compacting FUObjectHashTables data took   3.08ms
[2020.09.03-01.14.14:537][879]LogUObjectHash: Compacting FUObjectHashTables data took   2.97ms
[2020.09.03-01.14.14:558][879]Cmd: OBJ SAVEPACKAGE PACKAGE="/Game/MAPS/遊戲關卡01" FILE="../../../../../../Users/IM/Desktop/School_ClassPractice_01/Day21_unreal/Content/MAPS/遊戲關卡01.umap" SILENT=true AUTOSAVING=false KEEPDIRTY=false
[2020.09.03-01.14.14:590][879]LogUObjectHash: Compacting FUObjectHashTables data took   0.66ms
[2020.09.03-01.14.14:640][879]LogSavePackage: Moving '../../../../../../Users/IM/Desktop/School_ClassPractice_01/Day21_unreal/Saved/遊戲關卡01DD4599904176C9FDAC5179B394514C1F.tmp' to '../../../../../../Users/IM/Desktop/School_ClassPractice_01/Day21_unreal/Content/MAPS/遊戲關卡01.umap'
[2020.09.03-01.14.14:672][879]LogFileHelpers: Saving map '遊戲關卡01' took 0.115
[2020.09.03-01.14.14:682][879]AssetCheck: New page: Asset Save: 遊戲關卡01
[2020.09.03-01.14.14:682][879]LogContentValidation: Display: Validating World /Game/MAPS/遊戲關卡01.遊戲關卡01
[2020.09.03-01.15.29:797][543]LogTemp: Repeating last play command: Selected Viewport
[2020.09.03-01.15.29:816][543]LogPlayLevel: PlayLevel: No blueprints needed recompiling
[2020.09.03-01.15.29:816][543]PIE: New page: PIE session: 遊戲關卡01 (2020年9月3日 下午5:15:29)
[2020.09.03-01.15.29:817][543]LogOnline: OSS: Creating online subsystem instance for: NULL
[2020.09.03-01.15.29:818][543]LogOnline: OSS: TryLoadSubsystemAndSetDefault: Loaded subsystem for module [NULL]
[2020.09.03-01.15.29:818][543]LogPlayLevel: Creating play world package: /Game/MAPS/UEDPIE_0_遊戲關卡01
[2020.09.03-01.15.29:824][543]LogPlayLevel: PIE: StaticDuplicateObject took: (0.006296s)
[2020.09.03-01.15.29:825][543]LogAIModule: Creating AISystem for world 遊戲關卡01
[2020.09.03-01.15.29:825][543]LogPlayLevel: PIE: World Init took: (0.000758s)
[2020.09.03-01.15.29:825][543]LogPlayLevel: PIE: Created PIE world by copying editor world from /Game/MAPS/遊戲關卡01.遊戲關卡01 to /Game/MAPS/UEDPIE_0_遊戲關卡01.遊戲關卡01 (0.007227s)
[2020.09.03-01.15.29:855][543]LogUObjectHash: Compacting FUObjectHashTables data took   1.83ms
[2020.09.03-01.15.29:856][543]LogAudioMixer: Display: Audio Mixer Platform Settings:
[2020.09.03-01.15.29:856][543]LogAudioMixer: Display: 	Sample Rate:						  48000
[2020.09.03-01.15.29:856][543]LogAudioMixer: Display: 	Callback Buffer Frame Size Requested: 1024
[2020.09.03-01.15.29:856][543]LogAudioMixer: Display: 	Callback Buffer Frame Size To Use:	  1024
[2020.09.03-01.15.29:856][543]LogAudioMixer: Display: 	Number of buffers to queue:			  2
[2020.09.03-01.15.29:856][543]LogAudioMixer: Display: 	Max Channels (voices):				  32
[2020.09.03-01.15.29:856][543]LogAudioMixer: Display: 	Number of Async Source Workers:		  0
[2020.09.03-01.15.29:856][543]LogAudio: Display: AudioDevice MaxSources: 32
[2020.09.03-01.15.29:856][543]LogAudio: Display: Using built-in audio occlusion.
[2020.09.03-01.15.29:856][543]LogAudioMixer: Display: Initializing audio mixer.
[2020.09.03-01.15.29:861][543]LogAudioMixer: Display: Audio Device Output Speaker Info:
[2020.09.03-01.15.29:861][543]LogAudioMixer: Display: Name: 喇叭 (Realtek(R) Audio)
[2020.09.03-01.15.29:861][543]LogAudioMixer: Display: Is Default: Yes
[2020.09.03-01.15.29:861][543]LogAudioMixer: Display: Sample Rate: 48000
[2020.09.03-01.15.29:861][543]LogAudioMixer: Display: Channel Count Used: 2
[2020.09.03-01.15.29:861][543]LogAudioMixer: Display: Device Channel Count: 2
[2020.09.03-01.15.29:861][543]LogAudioMixer: Display: Channel Order:
[2020.09.03-01.15.29:861][543]LogAudioMixer: Display: 0: FrontLeft
[2020.09.03-01.15.29:861][543]LogAudioMixer: Display: 1: FrontRight
[2020.09.03-01.15.29:954][543]LogAudioMixer: Display: Using Audio Device 喇叭 (Realtek(R) Audio)
[2020.09.03-01.15.29:955][543]LogInit: FAudioDevice initialized.
[2020.09.03-01.15.29:997][543]LogSlate: Updating window title bar state: overlay mode, drag disabled, window buttons hidden, title bar hidden
[2020.09.03-01.15.30:010][543]LogLoad: Game class is 'ThirdPersonGameMode_C'
[2020.09.03-01.15.30:015][543]LogWorld: Bringing World /Game/MAPS/UEDPIE_0_遊戲關卡01.遊戲關卡01 up for play (max tick rate 0) at 2020.09.03-09.15.30
[2020.09.03-01.15.30:016][543]LogWorld: Bringing up level for play took: 0.004510
[2020.09.03-01.15.30:016][543]LogOnline: OSS: Creating online subsystem instance for: :Context_12
[2020.09.03-01.15.30:021][543]LogContentBrowser: Native class hierarchy updated for 'MovieSceneCapture' in 0.0003 seconds. Added 20 classes and 0 folders.
[2020.09.03-01.15.30:024][543]PIE: Play in editor start time for /Game/MAPS/UEDPIE_0_遊戲關卡01 -0.328
[2020.09.03-01.15.30:280][545]LogRenderer: Reallocating scene render targets to support 1280x720 Format 10 NumSamples 1 (Frame:1).
[2020.09.03-01.15.33:240][622]LogBlueprintUserMessages: [Day21_BP_C_0] BP_鑰匙4
[2020.09.03-01.15.35:633][686]LogBlueprintUserMessages: [Day21_BP_C_0] BP_鑰匙
[2020.09.03-01.15.37:236][728]LogBlueprintUserMessages: [Day21_BP_C_0] BP_鑰匙2
[2020.09.03-01.15.38:443][759]LogBlueprintUserMessages: [Day21_BP_C_0] BP_鑰匙3
[2020.09.03-01.15.39:170][779]LogBlueprintUserMessages: [Day21_BP_C_0] BP_鑰匙5
[2020.09.03-01.15.43:758][903]LogBlueprintUserMessages: [Day21_BP_C_0] 1
[2020.09.03-01.15.44:651][927]LogBlueprintUserMessages: [Day21_BP_C_0] 2
[2020.09.03-01.15.49:918][ 66]LogBlueprintUserMessages: [Day21_BP_C_0] 1
[2020.09.03-01.15.55:925][231]LogBlueprintUserMessages: [Day21_BP_C_0] 1
[2020.09.03-01.15.56:908][257]LogBlueprintUserMessages: [Day21_BP_C_0] 2
[2020.09.03-01.15.57:844][282]LogBlueprintUserMessages: [Day21_BP_C_0] 1
[2020.09.03-01.16.02:211][401]LogBlueprintUserMessages: [Day21_BP_C_0] BP_鑰匙7
[2020.09.03-01.16.02:246][402]LogBlueprintUserMessages: [Day21_BP_C_0] BP_鑰匙10
[2020.09.03-01.16.02:246][402]LogBlueprintUserMessages: [Day21_BP_C_0] BP_鑰匙9
[2020.09.03-01.16.02:384][406]LogBlueprintUserMessages: [Day21_BP_C_0] BP_鑰匙8
[2020.09.03-01.16.03:040][425]LogBlueprintUserMessages: [Day21_BP_C_0] BP_鑰匙6
[2020.09.03-01.16.08:559][579]LogAudioMixer: Display: No commands were queued while flushing the source manager.
[2020.09.03-01.16.08:568][579]LogAudioMixer: Display: Flush succeeded in the source manager command queue (1).
[2020.09.03-01.16.08:587][579]LogAudioMixer: Display: Flush succeeded the source manager command queue (2).
[2020.09.03-01.16.08:587][579]LogSlate: Updating window title bar state: overlay mode, drag disabled, window buttons hidden, title bar hidden
[2020.09.03-01.16.08:587][579]LogWorld: BeginTearingDown for /Game/MAPS/UEDPIE_0_遊戲關卡01
[2020.09.03-01.16.08:602][579]LogSlate: Window 'Day21 Game Preview Standalone (64-bit/PCD3D_SM5)' being destroyed
[2020.09.03-01.16.08:636][579]LogAudioMixer: Display: No commands were queued while flushing the source manager.
[2020.09.03-01.16.08:636][579]LogWorld: UWorld::CleanupWorld for 遊戲關卡01, bSessionEnded=true, bCleanupResources=true
[2020.09.03-01.16.08:637][579]LogSlate: InvalidateAllWidgets triggered.  All widgets were invalidated
[2020.09.03-01.16.08:668][579]LogPlayLevel: Display: Shutting down PIE online subsystems
[2020.09.03-01.16.08:673][579]LogSlate: InvalidateAllWidgets triggered.  All widgets were invalidated
[2020.09.03-01.16.08:708][579]LogAudioMixer: Display: No commands were queued while flushing the source manager.
[2020.09.03-01.16.08:727][579]LogUObjectHash: Compacting FUObjectHashTables data took   3.31ms
[2020.09.03-01.16.08:735][580]LogPlayLevel: Display: Destroying online subsystem :Context_12
[2020.09.03-01.16.24:743][460]LogTemp: Repeating last play command: Selected Viewport
[2020.09.03-01.16.24:763][460]LogPlayLevel: PlayLevel: No blueprints needed recompiling
[2020.09.03-01.16.24:763][460]PIE: New page: PIE session: 遊戲關卡01 (2020年9月3日 下午5:16:24)
[2020.09.03-01.16.24:763][460]LogPlayLevel: Creating play world package: /Game/MAPS/UEDPIE_0_遊戲關卡01
[2020.09.03-01.16.24:770][460]LogPlayLevel: PIE: StaticDuplicateObject took: (0.006368s)
[2020.09.03-01.16.24:770][460]LogAIModule: Creating AISystem for world 遊戲關卡01
[2020.09.03-01.16.24:771][460]LogPlayLevel: PIE: World Init took: (0.000712s)
[2020.09.03-01.16.24:771][460]LogPlayLevel: PIE: Created PIE world by copying editor world from /Game/MAPS/遊戲關卡01.遊戲關卡01 to /Game/MAPS/UEDPIE_0_遊戲關卡01.遊戲關卡01 (0.007185s)
[2020.09.03-01.16.24:803][460]LogUObjectHash: Compacting FUObjectHashTables data took   2.58ms
[2020.09.03-01.16.24:804][460]LogAudioMixer: Display: Audio Mixer Platform Settings:
[2020.09.03-01.16.24:804][460]LogAudioMixer: Display: 	Sample Rate:						  48000
[2020.09.03-01.16.24:804][460]LogAudioMixer: Display: 	Callback Buffer Frame Size Requested: 1024
[2020.09.03-01.16.24:805][460]LogAudioMixer: Display: 	Callback Buffer Frame Size To Use:	  1024
[2020.09.03-01.16.24:805][460]LogAudioMixer: Display: 	Number of buffers to queue:			  2
[2020.09.03-01.16.24:805][460]LogAudioMixer: Display: 	Max Channels (voices):				  32
[2020.09.03-01.16.24:805][460]LogAudioMixer: Display: 	Number of Async Source Workers:		  0
[2020.09.03-01.16.24:805][460]LogAudio: Display: AudioDevice MaxSources: 32
[2020.09.03-01.16.24:805][460]LogAudio: Display: Using built-in audio occlusion.
[2020.09.03-01.16.24:805][460]LogAudioMixer: Display: Initializing audio mixer.
[2020.09.03-01.16.24:809][460]LogAudioMixer: Display: Audio Device Output Speaker Info:
[2020.09.03-01.16.24:809][460]LogAudioMixer: Display: Name: 喇叭 (Realtek(R) Audio)
[2020.09.03-01.16.24:809][460]LogAudioMixer: Display: Is Default: Yes
[2020.09.03-01.16.24:809][460]LogAudioMixer: Display: Sample Rate: 48000
[2020.09.03-01.16.24:809][460]LogAudioMixer: Display: Channel Count Used: 2
[2020.09.03-01.16.24:809][460]LogAudioMixer: Display: Device Channel Count: 2
[2020.09.03-01.16.24:809][460]LogAudioMixer: Display: Channel Order:
[2020.09.03-01.16.24:809][460]LogAudioMixer: Display: 0: FrontLeft
[2020.09.03-01.16.24:809][460]LogAudioMixer: Display: 1: FrontRight
[2020.09.03-01.16.24:903][460]LogAudioMixer: Display: Using Audio Device 喇叭 (Realtek(R) Audio)
[2020.09.03-01.16.24:904][460]LogInit: FAudioDevice initialized.
[2020.09.03-01.16.24:980][460]LogSlate: Updating window title bar state: overlay mode, drag disabled, window buttons hidden, title bar hidden
[2020.09.03-01.16.24:980][460]LogLoad: Game class is 'ThirdPersonGameMode_C'
[2020.09.03-01.16.24:985][460]LogWorld: Bringing World /Game/MAPS/UEDPIE_0_遊戲關卡01.遊戲關卡01 up for play (max tick rate 0) at 2020.09.03-09.16.24
[2020.09.03-01.16.24:986][460]LogWorld: Bringing up level for play took: 0.005104
[2020.09.03-01.16.24:986][460]LogOnline: OSS: Creating online subsystem instance for: :Context_13
[2020.09.03-01.16.24:989][460]PIE: Play in editor start time for /Game/MAPS/UEDPIE_0_遊戲關卡01 0.636
[2020.09.03-01.16.26:901][510]LogBlueprintUserMessages: [Day21_BP_C_0] BP_鑰匙4
[2020.09.03-01.16.28:311][546]LogBlueprintUserMessages: [Day21_BP_C_0] BP_鑰匙2
[2020.09.03-01.16.32:335][653]LogAnimMontage: Warning: Playing a Montage (殭屍被打_Montage) for the wrong Skeleton (Ch40_nonPBR_Skeleton) instead of (殭屍_Ch10_nonPBR_Skeleton).
[2020.09.03-01.16.40:307][863]LogAnimMontage: Warning: Playing a Montage (殭屍被打_Montage) for the wrong Skeleton (Ch40_nonPBR_Skeleton) instead of (殭屍_Ch10_nonPBR_Skeleton).
[2020.09.03-01.16.41:209][886]LogBlueprintUserMessages: [Day21_BP_C_0] 1
[2020.09.03-01.17.20:727][845]LogAudioMixer: Display: No commands were queued while flushing the source manager.
[2020.09.03-01.17.20:757][845]LogAudioMixer: Display: Flush succeeded in the source manager command queue (1).
[2020.09.03-01.17.20:777][845]LogAudioMixer: Display: Flush succeeded the source manager command queue (2).
[2020.09.03-01.17.20:777][845]LogSlate: Updating window title bar state: overlay mode, drag disabled, window buttons hidden, title bar hidden
[2020.09.03-01.17.20:777][845]LogWorld: BeginTearingDown for /Game/MAPS/UEDPIE_0_遊戲關卡01
[2020.09.03-01.17.20:792][845]LogSlate: Window 'Day21 Game Preview Standalone (64-bit/PCD3D_SM5)' being destroyed
[2020.09.03-01.17.20:809][845]LogAudioMixer: Display: No commands were queued while flushing the source manager.
[2020.09.03-01.17.20:810][845]LogWorld: UWorld::CleanupWorld for 遊戲關卡01, bSessionEnded=true, bCleanupResources=true
[2020.09.03-01.17.20:811][845]LogSlate: InvalidateAllWidgets triggered.  All widgets were invalidated
[2020.09.03-01.17.20:842][845]LogPlayLevel: Display: Shutting down PIE online subsystems
[2020.09.03-01.17.20:847][845]LogSlate: InvalidateAllWidgets triggered.  All widgets were invalidated
[2020.09.03-01.17.20:880][845]LogAudioMixer: Display: No commands were queued while flushing the source manager.
[2020.09.03-01.17.20:886][845]LogUObjectHash: Compacting FUObjectHashTables data took   2.23ms
[2020.09.03-01.17.20:922][846]LogPlayLevel: Display: Destroying online subsystem :Context_13
[2020.09.03-01.18.26:588][517]BlueprintLog: New page: Compile Zombie_BP
[2020.09.03-01.18.26:827][517]LogUObjectHash: Compacting FUObjectHashTables data took   3.17ms
[2020.09.03-01.18.27:140][542]Cmd: OBJ SAVEPACKAGE PACKAGE="/Game/Zombie_BP/Zombie_BP" FILE="../../../../../../Users/IM/Desktop/School_ClassPractice_01/Day21_unreal/Content/Zombie_BP/Zombie_BP.uasset" SILENT=true
[2020.09.03-01.18.27:188][542]LogSavePackage: Moving '../../../../../../Users/IM/Desktop/School_ClassPractice_01/Day21_unreal/Saved/Zombie_BP9150902B427F0C376169D99E50DBFBC1.tmp' to '../../../../../../Users/IM/Desktop/School_ClassPractice_01/Day21_unreal/Content/Zombie_BP/Zombie_BP.uasset'
[2020.09.03-01.18.27:198][542]AssetCheck: New page: Asset Save: Zombie_BP
[2020.09.03-01.18.27:198][542]LogContentValidation: Display: Validating Blueprint /Game/Zombie_BP/Zombie_BP.Zombie_BP
[2020.09.03-01.23.56:182][856]BlueprintLog: New page: Compile Zombie_BP
[2020.09.03-01.23.56:425][856]LogUObjectHash: Compacting FUObjectHashTables data took   3.37ms
[2020.09.03-01.23.56:749][883]Cmd: OBJ SAVEPACKAGE PACKAGE="/Game/Zombie_BP/Zombie_BP" FILE="../../../../../../Users/IM/Desktop/School_ClassPractice_01/Day21_unreal/Content/Zombie_BP/Zombie_BP.uasset" SILENT=true
[2020.09.03-01.23.56:797][883]LogSavePackage: Moving '../../../../../../Users/IM/Desktop/School_ClassPractice_01/Day21_unreal/Saved/Zombie_BPF9C0FA5B4DDF1272E6AD37842F5B0CB6.tmp' to '../../../../../../Users/IM/Desktop/School_ClassPractice_01/Day21_unreal/Content/Zombie_BP/Zombie_BP.uasset'
[2020.09.03-01.23.56:809][883]AssetCheck: New page: Asset Save: Zombie_BP
[2020.09.03-01.23.56:809][883]LogContentValidation: Display: Validating Blueprint /Game/Zombie_BP/Zombie_BP.Zombie_BP
[2020.09.03-01.23.57:663][978]LogTemp: Repeating last play command: Selected Viewport
[2020.09.03-01.23.57:682][978]LogPlayLevel: PlayLevel: No blueprints needed recompiling
[2020.09.03-01.23.57:682][978]PIE: New page: PIE session: 遊戲關卡01 (2020年9月3日 下午5:23:57)
[2020.09.03-01.23.57:682][978]LogPlayLevel: Creating play world package: /Game/MAPS/UEDPIE_0_遊戲關卡01
[2020.09.03-01.23.57:689][978]LogPlayLevel: PIE: StaticDuplicateObject took: (0.006266s)
[2020.09.03-01.23.57:689][978]LogAIModule: Creating AISystem for world 遊戲關卡01
[2020.09.03-01.23.57:689][978]LogPlayLevel: PIE: World Init took: (0.000668s)
[2020.09.03-01.23.57:689][978]LogPlayLevel: PIE: Created PIE world by copying editor world from /Game/MAPS/遊戲關卡01.遊戲關卡01 to /Game/MAPS/UEDPIE_0_遊戲關卡01.遊戲關卡01 (0.007026s)
[2020.09.03-01.23.57:724][978]LogUObjectHash: Compacting FUObjectHashTables data took   3.29ms
[2020.09.03-01.23.57:725][978]LogAudioMixer: Display: Audio Mixer Platform Settings:
[2020.09.03-01.23.57:725][978]LogAudioMixer: Display: 	Sample Rate:						  48000
[2020.09.03-01.23.57:726][978]LogAudioMixer: Display: 	Callback Buffer Frame Size Requested: 1024
[2020.09.03-01.23.57:726][978]LogAudioMixer: Display: 	Callback Buffer Frame Size To Use:	  1024
[2020.09.03-01.23.57:726][978]LogAudioMixer: Display: 	Number of buffers to queue:			  2
[2020.09.03-01.23.57:726][978]LogAudioMixer: Display: 	Max Channels (voices):				  32
[2020.09.03-01.23.57:726][978]LogAudioMixer: Display: 	Number of Async Source Workers:		  0
[2020.09.03-01.23.57:726][978]LogAudio: Display: AudioDevice MaxSources: 32
[2020.09.03-01.23.57:726][978]LogAudio: Display: Using built-in audio occlusion.
[2020.09.03-01.23.57:726][978]LogAudioMixer: Display: Initializing audio mixer.
[2020.09.03-01.23.57:730][978]LogAudioMixer: Display: Audio Device Output Speaker Info:
[2020.09.03-01.23.57:730][978]LogAudioMixer: Display: Name: 喇叭 (Realtek(R) Audio)
[2020.09.03-01.23.57:730][978]LogAudioMixer: Display: Is Default: Yes
[2020.09.03-01.23.57:730][978]LogAudioMixer: Display: Sample Rate: 48000
[2020.09.03-01.23.57:730][978]LogAudioMixer: Display: Channel Count Used: 2
[2020.09.03-01.23.57:730][978]LogAudioMixer: Display: Device Channel Count: 2
[2020.09.03-01.23.57:730][978]LogAudioMixer: Display: Channel Order:
[2020.09.03-01.23.57:730][978]LogAudioMixer: Display: 0: FrontLeft
[2020.09.03-01.23.57:730][978]LogAudioMixer: Display: 1: FrontRight
[2020.09.03-01.23.57:819][978]LogAudioMixer: Display: Using Audio Device 喇叭 (Realtek(R) Audio)
[2020.09.03-01.23.57:820][978]LogInit: FAudioDevice initialized.
[2020.09.03-01.23.57:861][978]LogSlate: Updating window title bar state: overlay mode, drag disabled, window buttons hidden, title bar hidden
[2020.09.03-01.23.57:861][978]LogLoad: Game class is 'ThirdPersonGameMode_C'
[2020.09.03-01.23.57:866][978]LogWorld: Bringing World /Game/MAPS/UEDPIE_0_遊戲關卡01.遊戲關卡01 up for play (max tick rate 0) at 2020.09.03-09.23.57
[2020.09.03-01.23.57:867][978]LogWorld: Bringing up level for play took: 0.004761
[2020.09.03-01.23.57:867][978]LogOnline: OSS: Creating online subsystem instance for: :Context_14
[2020.09.03-01.23.57:871][978]PIE: Play in editor start time for /Game/MAPS/UEDPIE_0_遊戲關卡01 -0.482
[2020.09.03-01.23.59:164][ 13]LogBlueprintUserMessages: [Day21_BP_C_0] BP_鑰匙4
[2020.09.03-01.24.03:786][138]LogBlueprintUserMessages: [Day21_BP_C_0] BP_鑰匙2
[2020.09.03-01.24.19:207][574]LogAnimMontage: Warning: Playing a Montage (殭屍被打_Montage) for the wrong Skeleton (Ch40_nonPBR_Skeleton) instead of (殭屍_Ch10_nonPBR_Skeleton).
[2020.09.03-01.24.22:706][670]LogAnimMontage: Warning: Playing a Montage (殭屍被打_Montage) for the wrong Skeleton (Ch40_nonPBR_Skeleton) instead of (殭屍_Ch10_nonPBR_Skeleton).
[2020.09.03-01.24.26:290][771]LogAnimMontage: Warning: Playing a Montage (殭屍被打_Montage) for the wrong Skeleton (Ch40_nonPBR_Skeleton) instead of (殭屍_Ch10_nonPBR_Skeleton).
[2020.09.03-01.24.26:892][788]LogAudioMixer: Display: No commands were queued while flushing the source manager.
[2020.09.03-01.24.26:896][788]LogAudioMixer: Display: Flush succeeded in the source manager command queue (1).
[2020.09.03-01.24.26:916][788]LogAudioMixer: Display: Flush succeeded the source manager command queue (2).
[2020.09.03-01.24.26:916][788]LogSlate: Updating window title bar state: overlay mode, drag disabled, window buttons hidden, title bar hidden
[2020.09.03-01.24.26:916][788]LogWorld: BeginTearingDown for /Game/MAPS/UEDPIE_0_遊戲關卡01
[2020.09.03-01.24.26:931][788]LogSlate: Window 'Day21 Game Preview Standalone (64-bit/PCD3D_SM5)' being destroyed
[2020.09.03-01.24.26:966][788]LogAudioMixer: Display: No commands were queued while flushing the source manager.
[2020.09.03-01.24.26:966][788]LogWorld: UWorld::CleanupWorld for 遊戲關卡01, bSessionEnded=true, bCleanupResources=true
[2020.09.03-01.24.26:967][788]LogSlate: InvalidateAllWidgets triggered.  All widgets were invalidated
[2020.09.03-01.24.26:996][788]LogPlayLevel: Display: Shutting down PIE online subsystems
[2020.09.03-01.24.27:000][788]LogSlate: InvalidateAllWidgets triggered.  All widgets were invalidated
[2020.09.03-01.24.27:033][788]LogAudioMixer: Display: No commands were queued while flushing the source manager.
[2020.09.03-01.24.27:039][788]LogUObjectHash: Compacting FUObjectHashTables data took   2.39ms
[2020.09.03-01.24.27:082][789]LogPlayLevel: Display: Destroying online subsystem :Context_14
[2020.09.03-01.24.48:779][340]LogEditorViewport: Clicking on Actor (LMB): Emitter (P_Torch_Fire10)
[2020.09.03-01.25.41:782][623]LogEditorViewport: Clicking Background
[2020.09.03-01.25.48:580][434]LogEditorViewport: Clicking on Actor (LMB): Emitter (P_Torch_Fire13)
[2020.09.03-01.26.20:285][197]LogEditorViewport: Clicking Background
[2020.09.03-01.26.23:147][539]Cmd: TRANSACTION UNDO
[2020.09.03-01.26.23:147][539]LogEditorTransaction: Undo Clicking Background
[2020.09.03-01.26.25:672][793]LogEditorViewport: Clicking Background
[2020.09.03-01.26.31:015][429]LogEditorViewport: Clicking on Actor (LMB): Emitter (P_Torch_Fire10)
[2020.09.03-01.26.43:799][949]LogEditorViewport: Clicking on Actor (LMB): Emitter (P_Torch_Fire2)
[2020.09.03-01.27.01:336][ 37]LogEditorViewport: Clicking on Actor (LMB): PointLight (PointLight6)
[2020.09.03-01.27.03:094][245]LogEditorViewport: Clicking Background
[2020.09.03-01.27.07:498][766]Cmd: OBJ SAVEPACKAGE PACKAGE="/Game/MAPS/遊戲關卡01" FILE="../../../../../../Users/IM/Desktop/School_ClassPractice_01/Day21_unreal/Content/MAPS/遊戲關卡01.umap" SILENT=true AUTOSAVING=false KEEPDIRTY=false
[2020.09.03-01.27.07:530][766]LogUObjectHash: Compacting FUObjectHashTables data took   1.91ms
[2020.09.03-01.27.07:585][766]LogSavePackage: Moving '../../../../../../Users/IM/Desktop/School_ClassPractice_01/Day21_unreal/Saved/遊戲關卡019E32666F4987A4074E39EF8D4457CBF4.tmp' to '../../../../../../Users/IM/Desktop/School_ClassPractice_01/Day21_unreal/Content/MAPS/遊戲關卡01.umap'
[2020.09.03-01.27.07:628][766]AssetCheck: New page: Asset Save: 遊戲關卡01
[2020.09.03-01.27.07:628][766]LogContentValidation: Display: Validating World /Game/MAPS/遊戲關卡01.遊戲關卡01
[2020.09.03-01.27.34:688][996]LogEditorViewport: Clicking on Actor (LMB): Emitter (P_Torch_Fire5)
[2020.09.03-01.27.49:907][816]LogEditorViewport: Clicking on Actor (LMB): Emitter (P_Torch_Fire5)
[2020.09.03-01.27.50:579][895]LogEditorViewport: Clicking on Actor (LMB): Emitter (P_Torch_Fire5)
[2020.09.03-01.27.54:104][315]LogEditorViewport: Clicking on Actor (LMB): Emitter (P_Torch_Fire5)
[2020.09.03-01.28.01:393][181]LogEditorViewport: Clicking Background
[2020.09.03-01.28.03:072][381]Cmd: TRANSACTION UNDO
[2020.09.03-01.28.03:073][381]LogEditorTransaction: Undo Clicking Background
[2020.09.03-01.28.03:531][394]Cmd: TRANSACTION UNDO
[2020.09.03-01.28.03:531][394]LogEditorTransaction: Undo Move Actors
[2020.09.03-01.28.04:062][454]Cmd: TRANSACTION UNDO
[2020.09.03-01.28.04:062][454]LogEditorTransaction: Undo Move Actors
[2020.09.03-01.28.22:517][645]LogEditorViewport: Clicking Background
[2020.09.03-01.28.23:216][724]Cmd: OBJ SAVEPACKAGE PACKAGE="/Game/MAPS/遊戲關卡01" FILE="../../../../../../Users/IM/Desktop/School_ClassPractice_01/Day21_unreal/Content/MAPS/遊戲關卡01.umap" SILENT=true AUTOSAVING=false KEEPDIRTY=false
[2020.09.03-01.28.23:251][724]LogUObjectHash: Compacting FUObjectHashTables data took   1.56ms
[2020.09.03-01.28.23:301][724]LogSavePackage: Moving '../../../../../../Users/IM/Desktop/School_ClassPractice_01/Day21_unreal/Saved/遊戲關卡019D9EF68342A6D79626B3A1927A040B20.tmp' to '../../../../../../Users/IM/Desktop/School_ClassPractice_01/Day21_unreal/Content/MAPS/遊戲關卡01.umap'
[2020.09.03-01.28.23:340][724]AssetCheck: New page: Asset Save: 遊戲關卡01
[2020.09.03-01.28.23:340][724]LogContentValidation: Display: Validating World /Game/MAPS/遊戲關卡01.遊戲關卡01
[2020.09.03-01.28.26:388][ 89]LogEditorViewport: Clicking Background
[2020.09.03-01.28.27:668][242]LogEditorViewport: Clicking on Actor (LMB): StaticMeshActor (SM_Crypt_Wall26)
[2020.09.03-01.28.28:220][304]LogEditorViewport: Clicking on Actor (LMB): PointLight (PointLight6)
[2020.09.03-01.28.29:007][392]Cmd: DELETE
[2020.09.03-01.28.29:007][392]Cmd: ACTOR DELETE
[2020.09.03-01.28.29:096][392]LogEditorActor: Deleted Actor: PointLight
[2020.09.03-01.28.29:130][392]LogUObjectHash: Compacting FUObjectHashTables data took   0.74ms
[2020.09.03-01.28.29:132][392]LogEditorActor: Deleted 1 Actors (0.056 secs)
[2020.09.03-01.28.38:754][541]LogEditorViewport: Clicking on Actor (LMB): Emitter (P_Torch_Fire7)
[2020.09.03-01.28.42:448][979]LogEditorViewport: Clicking on Actor (LMB): Emitter (P_Torch_Fire7)
[2020.09.03-01.28.43:034][ 47]LogEditorViewport: Clicking on Actor (LMB): Emitter (P_Torch_Fire7)
[2020.09.03-01.29.12:708][576]Cmd: TRANSACTION UNDO
[2020.09.03-01.29.12:708][576]LogEditorTransaction: Undo Move Actors
[2020.09.03-01.29.13:084][587]Cmd: TRANSACTION UNDO
[2020.09.03-01.29.13:084][587]LogEditorTransaction: Undo Move Actors
[2020.09.03-01.29.24:025][880]Cmd: TRANSACTION UNDO
[2020.09.03-01.29.24:025][880]LogEditorTransaction: Undo Move Actors
[2020.09.03-01.29.24:248][887]Cmd: TRANSACTION UNDO
[2020.09.03-01.29.24:248][887]LogEditorTransaction: Undo Move Actors
[2020.09.03-01.29.24:450][893]Cmd: TRANSACTION UNDO
[2020.09.03-01.29.24:450][893]LogEditorTransaction: Undo Move Actors
[2020.09.03-01.29.24:591][900]Cmd: TRANSACTION UNDO
[2020.09.03-01.29.24:591][900]LogEditorTransaction: Undo Move Actors
[2020.09.03-01.29.24:756][919]Cmd: TRANSACTION UNDO
[2020.09.03-01.29.24:756][919]LogEditorTransaction: Undo Move Actors
[2020.09.03-01.29.24:928][939]Cmd: TRANSACTION UNDO
[2020.09.03-01.29.24:928][939]LogEditorTransaction: Undo Move Actors
[2020.09.03-01.29.25:084][957]Cmd: TRANSACTION UNDO
[2020.09.03-01.29.25:084][957]LogEditorTransaction: Undo Move Actors
[2020.09.03-01.29.25:249][976]Cmd: TRANSACTION UNDO
[2020.09.03-01.29.25:249][976]LogEditorTransaction: Undo Move Actors
[2020.09.03-01.29.25:413][995]Cmd: TRANSACTION UNDO
[2020.09.03-01.29.25:413][995]LogEditorTransaction: Undo Move Actors
[2020.09.03-01.29.25:569][ 13]Cmd: TRANSACTION UNDO
[2020.09.03-01.29.25:569][ 13]LogEditorTransaction: Undo Move Actors
[2020.09.03-01.29.25:726][ 31]Cmd: TRANSACTION UNDO
[2020.09.03-01.29.25:726][ 31]LogEditorTransaction: Undo Move Actors
[2020.09.03-01.29.25:890][ 50]Cmd: TRANSACTION UNDO
[2020.09.03-01.29.25:890][ 50]LogEditorTransaction: Undo Move Actors
[2020.09.03-01.29.26:057][ 68]Cmd: TRANSACTION UNDO
[2020.09.03-01.29.26:057][ 68]LogEditorTransaction: Undo Clicking on Actors
[2020.09.03-01.29.26:274][ 88]Cmd: TRANSACTION UNDO
[2020.09.03-01.29.26:274][ 88]LogEditorTransaction: Undo Clicking on Actors
[2020.09.03-01.29.26:478][110]Cmd: TRANSACTION UNDO
[2020.09.03-01.29.26:478][110]LogEditorTransaction: Undo Clicking on Actors
[2020.09.03-01.29.26:676][132]Cmd: TRANSACTION UNDO
[2020.09.03-01.29.26:677][132]LogEditorTransaction: Undo Clicking on Actors
[2020.09.03-01.29.26:881][156]Cmd: TRANSACTION UNDO
[2020.09.03-01.29.26:881][156]LogEditorTransaction: Undo Delete Actors
[2020.09.03-01.29.27:072][176]Cmd: TRANSACTION UNDO
[2020.09.03-01.29.27:072][176]LogEditorTransaction: Undo Clicking on Actors
[2020.09.03-01.29.28:485][341]LogEditorViewport: Clicking on Actor (LMB): PointLight (PointLight6)
[2020.09.03-01.29.31:917][747]Cmd: TRANSACTION UNDO
[2020.09.03-01.29.31:917][747]LogEditorTransaction: Undo Move Actors
[2020.09.03-01.30.02:068][310]LogEditorViewport: Clicking on Actor (LMB): BP_鑰匙_C (BP_鑰匙5)
[2020.09.03-01.30.03:620][493]LogEditorViewport: Clicking on Actor (LMB): PointLight (PointLight6)
[2020.09.03-01.31.56:499][921]LogEditorViewport: Clicking on Actor (LMB): Emitter (P_Torch_Fire9)
[2020.09.03-01.32.16:280][266]LogEditorViewport: Clicking on Actor (LMB): Emitter (P_Torch_Fire7)
[2020.09.03-01.32.55:371][917]LogEditorViewport: Clicking Background
[2020.09.03-01.33.05:418][116]Cmd: TRANSACTION UNDO
[2020.09.03-01.33.05:418][116]LogEditorTransaction: Undo Clicking Background
[2020.09.03-01.33.09:678][579]LogEditorViewport: Clicking on Actor (LMB): Emitter (P_Torch_Fire4)
[2020.09.03-01.33.17:387][496]LogEditorViewport: Clicking on Actor (LMB): Emitter (P_Torch_Fire3)
[2020.09.03-01.34.48:076][ 83]LogEditorViewport: Clicking Background
[2020.09.03-01.34.53:926][774]Cmd: OBJ SAVEPACKAGE PACKAGE="/Game/MAPS/遊戲關卡01" FILE="../../../../../../Users/IM/Desktop/School_ClassPractice_01/Day21_unreal/Content/MAPS/遊戲關卡01.umap" SILENT=true AUTOSAVING=false KEEPDIRTY=false
[2020.09.03-01.34.53:961][774]LogUObjectHash: Compacting FUObjectHashTables data took   2.07ms
[2020.09.03-01.34.54:017][774]LogSavePackage: Moving '../../../../../../Users/IM/Desktop/School_ClassPractice_01/Day21_unreal/Saved/遊戲關卡0189FF485644546C0ABAC99CAA3AF70EB5.tmp' to '../../../../../../Users/IM/Desktop/School_ClassPractice_01/Day21_unreal/Content/MAPS/遊戲關卡01.umap'
[2020.09.03-01.34.54:055][774]AssetCheck: New page: Asset Save: 遊戲關卡01
[2020.09.03-01.34.54:055][774]LogContentValidation: Display: Validating World /Game/MAPS/遊戲關卡01.遊戲關卡01
[2020.09.03-01.34.55:532][937]LogUObjectHash: Compacting FUObjectHashTables data took   1.55ms
